14:59:34 INFO  : Registering command handlers for SDK TCF services
14:59:35 INFO  : Launching XSCT server: xsct.bat -interactive E:\FPGA_projects\TOF_4Ports\temp_xsdb_launch_script.tcl
14:59:38 INFO  : XSCT server has started successfully.
14:59:41 INFO  : Successfully done setting XSCT server connection channel  
14:59:41 INFO  : Successfully done setting SDK workspace  
14:59:41 INFO  : Processing command line option -hwspec E:/FPGA_projects/TOF_4Ports.
14:59:41 ERROR : Error occurred while creating hardware platform TOF_4Ports_hw_platform_0 from sysdef
java.io.FileNotFoundException: E:\FPGA_projects\TOF_4Ports (Access is denied)
	at java.io.FileInputStream.open0(Native Method)
	at java.io.FileInputStream.open(FileInputStream.java:195)
	at java.io.FileInputStream.<init>(FileInputStream.java:138)
	at java.io.FileInputStream.<init>(FileInputStream.java:93)
	at com.xilinx.sdk.hw.internal.HwProjectCreator.createHwProjectFromZip(HwProjectCreator.java:100)
	at com.xilinx.sdk.hw.HwProjectUtil.internalCreate(HwProjectUtil.java:277)
	at com.xilinx.sdk.hw.HwProjectUtil.makeNewHardwareProject(HwProjectUtil.java:221)
	at com.xilinx.sdk.hw.HwProjectUtil.makeNewHardwareProject(HwProjectUtil.java:208)
	at com.xilinx.sdk.hw.HwProjectUtil.makeNewHardwareProject(HwProjectUtil.java:182)
	at com.xilinx.sdk.startup.InitSDK.processHwSpecArgumentTask(InitSDK.java:515)
	at com.xilinx.sdk.startup.InitSDK.access$8(InitSDK.java:497)
	at com.xilinx.sdk.startup.InitSDK$12.run(InitSDK.java:448)
	at org.eclipse.core.internal.jobs.Worker.run(Worker.java:55)
14:59:41 ERROR : Unable to create Hardware Specification Project with specification file: E:/FPGA_projects/TOF_4Ports
15:00:18 ERROR : Failed to openhw "E:/FPGA_projects/TOF_4Ports _2019_01_25/TOF_4Ports.sdk/design_1_wrapper_hw_platform_0/system.hdf"
Reason: wrong # args: should be "openhw <hw-proj | hdf-file>"
15:00:33 ERROR : Failed to openhw "E:/FPGA_projects/TOF_4Ports _2019_01_25/TOF_4Ports.sdk/design_1_wrapper_hw_platform_0/system.hdf"
Reason: wrong # args: should be "openhw <hw-proj | hdf-file>"
15:00:33 ERROR : Failed to openhw "E:/FPGA_projects/TOF_4Ports _2019_01_25/TOF_4Ports.sdk/design_1_wrapper_hw_platform_0/system.hdf"
Reason: wrong # args: should be "openhw <hw-proj | hdf-file>"
15:05:23 INFO  : Connected to target on host '127.0.0.1' and port '3121'.
15:05:31 ERROR : The Hardware Project referenced by this BSP (TCPServer_bsp) was not found in this workspace. As a result, this BSP will not build properly. To fix this error, please import the associated hardware project or recreate a new BSP targeting an existing hardware platform.
15:07:56 INFO  : Connected to target on host '127.0.0.1' and port '3121'.
15:07:56 INFO  : 'targets -set -filter {jtag_cable_name =~ "Digilent Arty A7-35T 210319A7660AA" && level==0} -index 0' command is executed.
15:07:57 INFO  : FPGA configured successfully with bitstream "Y:/Pau/FPGA_TOF/TOF_4Ports.sdk/design_1_wrapper_hw_platform_0/download.bit"
15:09:14 INFO  : 'targets -set -filter {jtag_cable_name =~ "Digilent Arty A7-35T 210319A7660AA" && level==0} -index 0' command is executed.
15:09:14 INFO  : 'fpga -state' command is executed.
15:09:14 INFO  : Connected to target on host '127.0.0.1' and port '3121'.
15:09:14 INFO  : Jtag cable 'Digilent Arty A7-35T 210319A7660AA' is selected.
15:09:14 INFO  : 'jtag frequency' command is executed.
15:09:14 INFO  : 'configparams mdm-detect-bscan-mask 2' command is executed.
15:09:14 INFO  : Context for processor 'microblaze_0' is selected.
15:09:14 INFO  : Processor reset is completed for 'microblaze_0'.
15:09:14 INFO  : Context for processor 'microblaze_0' is selected.
15:09:15 INFO  : The application 'Y:/Pau/FPGA_TOF/TOF_4Ports.sdk/TCPServer/Debug/TCPServer.elf' is downloaded to processor 'microblaze_0'.
15:09:15 INFO  : ----------------XSDB Script----------------
connect -url tcp:127.0.0.1:3121
configparams mdm-detect-bscan-mask 2
targets -set -nocase -filter {name =~ "microblaze*#0" && bscan=="USER2"  && jtag_cable_name =~ "Digilent Arty A7-35T 210319A7660AA"} -index 0
rst -processor
targets -set -nocase -filter {name =~ "microblaze*#0" && bscan=="USER2"  && jtag_cable_name =~ "Digilent Arty A7-35T 210319A7660AA"} -index 0
dow Y:/Pau/FPGA_TOF/TOF_4Ports.sdk/TCPServer/Debug/TCPServer.elf
----------------End of Script----------------

15:09:16 INFO  : Context for processor 'microblaze_0' is selected.
15:09:16 INFO  : 'con' command is executed.
15:09:16 INFO  : ----------------XSDB Script (After Launch)----------------
targets -set -nocase -filter {name =~ "microblaze*#0" && bscan=="USER2"  && jtag_cable_name =~ "Digilent Arty A7-35T 210319A7660AA"} -index 0
con
----------------End of Script----------------

15:09:16 INFO  : Disconnected from the channel tcfchan#1.
15:12:09 INFO  : 'targets -set -filter {jtag_cable_name =~ "Digilent Arty A7-35T 210319A7660AA" && level==0} -index 0' command is executed.
15:12:09 INFO  : 'fpga -state' command is executed.
15:12:09 INFO  : Connected to target on host '127.0.0.1' and port '3121'.
15:12:10 INFO  : Jtag cable 'Digilent Arty A7-35T 210319A7660AA' is selected.
15:12:10 INFO  : 'jtag frequency' command is executed.
15:12:10 INFO  : 'configparams mdm-detect-bscan-mask 2' command is executed.
15:12:10 INFO  : Context for processor 'microblaze_0' is selected.
15:12:10 INFO  : Processor reset is completed for 'microblaze_0'.
15:12:10 INFO  : Context for processor 'microblaze_0' is selected.
15:12:10 INFO  : The application 'Y:/Pau/FPGA_TOF/TOF_4Ports.sdk/TCPServer/Debug/TCPServer.elf' is downloaded to processor 'microblaze_0'.
15:12:10 INFO  : ----------------XSDB Script----------------
connect -url tcp:127.0.0.1:3121
configparams mdm-detect-bscan-mask 2
targets -set -nocase -filter {name =~ "microblaze*#0" && bscan=="USER2"  && jtag_cable_name =~ "Digilent Arty A7-35T 210319A7660AA"} -index 0
rst -processor
targets -set -nocase -filter {name =~ "microblaze*#0" && bscan=="USER2"  && jtag_cable_name =~ "Digilent Arty A7-35T 210319A7660AA"} -index 0
dow Y:/Pau/FPGA_TOF/TOF_4Ports.sdk/TCPServer/Debug/TCPServer.elf
----------------End of Script----------------

15:12:10 INFO  : Context for processor 'microblaze_0' is selected.
15:12:10 INFO  : 'con' command is executed.
15:12:10 INFO  : ----------------XSDB Script (After Launch)----------------
targets -set -nocase -filter {name =~ "microblaze*#0" && bscan=="USER2"  && jtag_cable_name =~ "Digilent Arty A7-35T 210319A7660AA"} -index 0
con
----------------End of Script----------------

15:12:10 INFO  : Disconnected from the channel tcfchan#2.
15:22:12 INFO  : 'targets -set -filter {jtag_cable_name =~ "Digilent Arty A7-35T 210319A7660AA" && level==0} -index 0' command is executed.
15:22:12 INFO  : 'fpga -state' command is executed.
15:22:12 INFO  : Connected to target on host '127.0.0.1' and port '3121'.
15:22:12 INFO  : Jtag cable 'Digilent Arty A7-35T 210319A7660AA' is selected.
15:22:12 INFO  : 'jtag frequency' command is executed.
15:22:12 INFO  : 'configparams mdm-detect-bscan-mask 2' command is executed.
15:22:12 INFO  : Context for processor 'microblaze_0' is selected.
15:22:12 INFO  : Processor reset is completed for 'microblaze_0'.
15:22:12 INFO  : Context for processor 'microblaze_0' is selected.
15:22:13 INFO  : The application 'Y:/Pau/FPGA_TOF/TOF_4Ports.sdk/TCPServer/Debug/TCPServer.elf' is downloaded to processor 'microblaze_0'.
15:22:13 INFO  : ----------------XSDB Script----------------
connect -url tcp:127.0.0.1:3121
configparams mdm-detect-bscan-mask 2
targets -set -nocase -filter {name =~ "microblaze*#0" && bscan=="USER2"  && jtag_cable_name =~ "Digilent Arty A7-35T 210319A7660AA"} -index 0
rst -processor
targets -set -nocase -filter {name =~ "microblaze*#0" && bscan=="USER2"  && jtag_cable_name =~ "Digilent Arty A7-35T 210319A7660AA"} -index 0
dow Y:/Pau/FPGA_TOF/TOF_4Ports.sdk/TCPServer/Debug/TCPServer.elf
----------------End of Script----------------

15:22:13 INFO  : Context for processor 'microblaze_0' is selected.
15:22:13 INFO  : 'con' command is executed.
15:22:13 INFO  : ----------------XSDB Script (After Launch)----------------
targets -set -nocase -filter {name =~ "microblaze*#0" && bscan=="USER2"  && jtag_cable_name =~ "Digilent Arty A7-35T 210319A7660AA"} -index 0
con
----------------End of Script----------------

15:22:13 INFO  : Disconnected from the channel tcfchan#3.
11:45:05 INFO  : Registering command handlers for SDK TCF services
11:45:06 INFO  : Launching XSCT server: xsct.bat -interactive E:\FPGA_projects\TOF_4Ports\temp_xsdb_launch_script.tcl
11:45:09 INFO  : XSCT server has started successfully.
11:45:09 INFO  : Processing command line option -hwspec E:/FPGA_projects/TOF_4Ports.
11:45:09 INFO  : Successfully done setting XSCT server connection channel  
11:45:12 INFO  : Successfully done setting SDK workspace  
11:45:12 ERROR : Error occurred while creating hardware platform TOF_4Ports_hw_platform_0 from sysdef
java.io.FileNotFoundException: E:\FPGA_projects\TOF_4Ports (Access is denied)
	at java.io.FileInputStream.open0(Native Method)
	at java.io.FileInputStream.open(FileInputStream.java:195)
	at java.io.FileInputStream.<init>(FileInputStream.java:138)
	at java.io.FileInputStream.<init>(FileInputStream.java:93)
	at com.xilinx.sdk.hw.internal.HwProjectCreator.createHwProjectFromZip(HwProjectCreator.java:100)
	at com.xilinx.sdk.hw.HwProjectUtil.internalCreate(HwProjectUtil.java:277)
	at com.xilinx.sdk.hw.HwProjectUtil.makeNewHardwareProject(HwProjectUtil.java:221)
	at com.xilinx.sdk.hw.HwProjectUtil.makeNewHardwareProject(HwProjectUtil.java:208)
	at com.xilinx.sdk.hw.HwProjectUtil.makeNewHardwareProject(HwProjectUtil.java:182)
	at com.xilinx.sdk.startup.InitSDK.processHwSpecArgumentTask(InitSDK.java:515)
	at com.xilinx.sdk.startup.InitSDK.access$8(InitSDK.java:497)
	at com.xilinx.sdk.startup.InitSDK$12.run(InitSDK.java:448)
	at org.eclipse.core.internal.jobs.Worker.run(Worker.java:55)
11:45:12 ERROR : Unable to create Hardware Specification Project with specification file: E:/FPGA_projects/TOF_4Ports
11:45:25 INFO  : Connected to target on host '127.0.0.1' and port '3121'.
11:45:37 INFO  : Connected to target on host '127.0.0.1' and port '3121'.
11:46:01 INFO  : Connected to target on host '127.0.0.1' and port '3121'.
11:46:01 INFO  : 'targets -set -filter {jtag_cable_name =~ "Digilent Arty A7-35T 210319A7660AA" && level==0} -index 0' command is executed.
11:46:02 INFO  : FPGA configured successfully with bitstream "Y:/Pau/FPGA_TOF/TOF_4Ports.sdk/design_1_wrapper_hw_platform_0/download.bit"
11:46:14 INFO  : 'targets -set -filter {jtag_cable_name =~ "Digilent Arty A7-35T 210319A7660AA" && level==0} -index 0' command is executed.
11:46:14 INFO  : 'fpga -state' command is executed.
11:46:14 INFO  : Connected to target on host '127.0.0.1' and port '3121'.
11:46:14 INFO  : Jtag cable 'Digilent Arty A7-35T 210319A7660AA' is selected.
11:46:14 INFO  : 'jtag frequency' command is executed.
11:46:14 INFO  : 'configparams mdm-detect-bscan-mask 2' command is executed.
11:46:14 INFO  : Context for processor 'microblaze_0' is selected.
11:46:14 INFO  : Processor reset is completed for 'microblaze_0'.
11:46:14 INFO  : Context for processor 'microblaze_0' is selected.
11:46:15 INFO  : The application 'Y:/Pau/FPGA_TOF/TOF_4Ports.sdk/TCPServer/Debug/TCPServer.elf' is downloaded to processor 'microblaze_0'.
11:46:15 INFO  : ----------------XSDB Script----------------
connect -url tcp:127.0.0.1:3121
configparams mdm-detect-bscan-mask 2
targets -set -nocase -filter {name =~ "microblaze*#0" && bscan=="USER2"  && jtag_cable_name =~ "Digilent Arty A7-35T 210319A7660AA"} -index 0
rst -processor
targets -set -nocase -filter {name =~ "microblaze*#0" && bscan=="USER2"  && jtag_cable_name =~ "Digilent Arty A7-35T 210319A7660AA"} -index 0
dow Y:/Pau/FPGA_TOF/TOF_4Ports.sdk/TCPServer/Debug/TCPServer.elf
----------------End of Script----------------

11:46:15 INFO  : Context for processor 'microblaze_0' is selected.
11:46:15 INFO  : 'con' command is executed.
11:46:15 INFO  : ----------------XSDB Script (After Launch)----------------
targets -set -nocase -filter {name =~ "microblaze*#0" && bscan=="USER2"  && jtag_cable_name =~ "Digilent Arty A7-35T 210319A7660AA"} -index 0
con
----------------End of Script----------------

11:46:15 INFO  : Disconnected from the channel tcfchan#1.
11:48:15 INFO  : 'targets -set -filter {jtag_cable_name =~ "Digilent Arty A7-35T 210319A7660AA" && level==0} -index 0' command is executed.
11:48:15 INFO  : 'fpga -state' command is executed.
11:48:15 INFO  : Connected to target on host '127.0.0.1' and port '3121'.
11:48:16 INFO  : Jtag cable 'Digilent Arty A7-35T 210319A7660AA' is selected.
11:48:16 INFO  : 'jtag frequency' command is executed.
11:48:16 INFO  : 'configparams mdm-detect-bscan-mask 2' command is executed.
11:48:16 INFO  : Context for processor 'microblaze_0' is selected.
11:48:16 INFO  : Processor reset is completed for 'microblaze_0'.
11:48:16 INFO  : Context for processor 'microblaze_0' is selected.
11:48:17 INFO  : The application 'Y:/Pau/FPGA_TOF/TOF_4Ports.sdk/TCPServer/Debug/TCPServer.elf' is downloaded to processor 'microblaze_0'.
11:48:17 INFO  : ----------------XSDB Script----------------
connect -url tcp:127.0.0.1:3121
configparams mdm-detect-bscan-mask 2
targets -set -nocase -filter {name =~ "microblaze*#0" && bscan=="USER2"  && jtag_cable_name =~ "Digilent Arty A7-35T 210319A7660AA"} -index 0
rst -processor
targets -set -nocase -filter {name =~ "microblaze*#0" && bscan=="USER2"  && jtag_cable_name =~ "Digilent Arty A7-35T 210319A7660AA"} -index 0
dow Y:/Pau/FPGA_TOF/TOF_4Ports.sdk/TCPServer/Debug/TCPServer.elf
----------------End of Script----------------

11:48:18 INFO  : Context for processor 'microblaze_0' is selected.
11:48:18 INFO  : 'con' command is executed.
11:48:18 INFO  : ----------------XSDB Script (After Launch)----------------
targets -set -nocase -filter {name =~ "microblaze*#0" && bscan=="USER2"  && jtag_cable_name =~ "Digilent Arty A7-35T 210319A7660AA"} -index 0
con
----------------End of Script----------------

11:48:18 INFO  : Disconnected from the channel tcfchan#2.
11:49:18 INFO  : 'targets -set -filter {jtag_cable_name =~ "Digilent Arty A7-35T 210319A7660AA" && level==0} -index 0' command is executed.
11:49:18 INFO  : 'fpga -state' command is executed.
11:49:19 INFO  : Connected to target on host '127.0.0.1' and port '3121'.
11:49:19 INFO  : Jtag cable 'Digilent Arty A7-35T 210319A7660AA' is selected.
11:49:19 INFO  : 'jtag frequency' command is executed.
11:49:19 INFO  : 'configparams mdm-detect-bscan-mask 2' command is executed.
11:49:19 INFO  : Context for processor 'microblaze_0' is selected.
11:49:19 INFO  : Processor reset is completed for 'microblaze_0'.
11:49:19 INFO  : Context for processor 'microblaze_0' is selected.
11:49:20 INFO  : The application 'Y:/Pau/FPGA_TOF/TOF_4Ports.sdk/TCPServer/Debug/TCPServer.elf' is downloaded to processor 'microblaze_0'.
11:49:20 INFO  : ----------------XSDB Script----------------
connect -url tcp:127.0.0.1:3121
configparams mdm-detect-bscan-mask 2
targets -set -nocase -filter {name =~ "microblaze*#0" && bscan=="USER2"  && jtag_cable_name =~ "Digilent Arty A7-35T 210319A7660AA"} -index 0
rst -processor
targets -set -nocase -filter {name =~ "microblaze*#0" && bscan=="USER2"  && jtag_cable_name =~ "Digilent Arty A7-35T 210319A7660AA"} -index 0
dow Y:/Pau/FPGA_TOF/TOF_4Ports.sdk/TCPServer/Debug/TCPServer.elf
----------------End of Script----------------

11:49:21 INFO  : Context for processor 'microblaze_0' is selected.
11:49:21 INFO  : 'con' command is executed.
11:49:21 INFO  : ----------------XSDB Script (After Launch)----------------
targets -set -nocase -filter {name =~ "microblaze*#0" && bscan=="USER2"  && jtag_cable_name =~ "Digilent Arty A7-35T 210319A7660AA"} -index 0
con
----------------End of Script----------------

11:49:21 INFO  : Disconnected from the channel tcfchan#3.
11:49:47 INFO  : 'targets -set -filter {jtag_cable_name =~ "Digilent Arty A7-35T 210319A7660AA" && level==0} -index 0' command is executed.
11:49:47 INFO  : 'fpga -state' command is executed.
11:49:47 INFO  : Connected to target on host '127.0.0.1' and port '3121'.
11:49:47 INFO  : Jtag cable 'Digilent Arty A7-35T 210319A7660AA' is selected.
11:49:47 INFO  : 'jtag frequency' command is executed.
11:49:47 INFO  : 'configparams mdm-detect-bscan-mask 2' command is executed.
11:49:47 INFO  : Context for processor 'microblaze_0' is selected.
11:49:47 INFO  : Processor reset is completed for 'microblaze_0'.
11:49:47 INFO  : Context for processor 'microblaze_0' is selected.
11:49:48 INFO  : The application 'Y:/Pau/FPGA_TOF/TOF_4Ports.sdk/TCPServer/Debug/TCPServer.elf' is downloaded to processor 'microblaze_0'.
11:49:48 INFO  : ----------------XSDB Script----------------
connect -url tcp:127.0.0.1:3121
configparams mdm-detect-bscan-mask 2
targets -set -nocase -filter {name =~ "microblaze*#0" && bscan=="USER2"  && jtag_cable_name =~ "Digilent Arty A7-35T 210319A7660AA"} -index 0
rst -processor
targets -set -nocase -filter {name =~ "microblaze*#0" && bscan=="USER2"  && jtag_cable_name =~ "Digilent Arty A7-35T 210319A7660AA"} -index 0
dow Y:/Pau/FPGA_TOF/TOF_4Ports.sdk/TCPServer/Debug/TCPServer.elf
----------------End of Script----------------

11:49:49 INFO  : Context for processor 'microblaze_0' is selected.
11:49:49 INFO  : 'con' command is executed.
11:49:49 INFO  : ----------------XSDB Script (After Launch)----------------
targets -set -nocase -filter {name =~ "microblaze*#0" && bscan=="USER2"  && jtag_cable_name =~ "Digilent Arty A7-35T 210319A7660AA"} -index 0
con
----------------End of Script----------------

11:49:49 INFO  : Disconnected from the channel tcfchan#4.
11:51:14 INFO  : 'targets -set -filter {jtag_cable_name =~ "Digilent Arty A7-35T 210319A7660AA" && level==0} -index 0' command is executed.
11:51:14 INFO  : 'fpga -state' command is executed.
11:51:14 INFO  : Connected to target on host '127.0.0.1' and port '3121'.
11:51:14 INFO  : Jtag cable 'Digilent Arty A7-35T 210319A7660AA' is selected.
11:51:14 INFO  : 'jtag frequency' command is executed.
11:51:14 INFO  : 'configparams mdm-detect-bscan-mask 2' command is executed.
11:51:14 INFO  : Context for processor 'microblaze_0' is selected.
11:51:14 INFO  : Processor reset is completed for 'microblaze_0'.
11:51:14 INFO  : Context for processor 'microblaze_0' is selected.
11:51:15 INFO  : The application 'Y:/Pau/FPGA_TOF/TOF_4Ports.sdk/TCPServer/Debug/TCPServer.elf' is downloaded to processor 'microblaze_0'.
11:51:15 INFO  : ----------------XSDB Script----------------
connect -url tcp:127.0.0.1:3121
configparams mdm-detect-bscan-mask 2
targets -set -nocase -filter {name =~ "microblaze*#0" && bscan=="USER2"  && jtag_cable_name =~ "Digilent Arty A7-35T 210319A7660AA"} -index 0
rst -processor
targets -set -nocase -filter {name =~ "microblaze*#0" && bscan=="USER2"  && jtag_cable_name =~ "Digilent Arty A7-35T 210319A7660AA"} -index 0
dow Y:/Pau/FPGA_TOF/TOF_4Ports.sdk/TCPServer/Debug/TCPServer.elf
----------------End of Script----------------

11:51:16 INFO  : Context for processor 'microblaze_0' is selected.
11:51:16 INFO  : 'con' command is executed.
11:51:16 INFO  : ----------------XSDB Script (After Launch)----------------
targets -set -nocase -filter {name =~ "microblaze*#0" && bscan=="USER2"  && jtag_cable_name =~ "Digilent Arty A7-35T 210319A7660AA"} -index 0
con
----------------End of Script----------------

11:51:16 INFO  : Disconnected from the channel tcfchan#5.
11:54:12 INFO  : 'targets -set -filter {jtag_cable_name =~ "Digilent Arty A7-35T 210319A7660AA" && level==0} -index 0' command is executed.
11:54:12 INFO  : 'fpga -state' command is executed.
11:54:12 INFO  : Connected to target on host '127.0.0.1' and port '3121'.
11:54:12 INFO  : Jtag cable 'Digilent Arty A7-35T 210319A7660AA' is selected.
11:54:12 INFO  : 'jtag frequency' command is executed.
11:54:12 INFO  : 'configparams mdm-detect-bscan-mask 2' command is executed.
11:54:12 INFO  : Context for processor 'microblaze_0' is selected.
11:54:12 INFO  : Processor reset is completed for 'microblaze_0'.
11:54:12 INFO  : Context for processor 'microblaze_0' is selected.
11:54:13 INFO  : The application 'Y:/Pau/FPGA_TOF/TOF_4Ports.sdk/TCPServer/Debug/TCPServer.elf' is downloaded to processor 'microblaze_0'.
11:54:13 INFO  : ----------------XSDB Script----------------
connect -url tcp:127.0.0.1:3121
configparams mdm-detect-bscan-mask 2
targets -set -nocase -filter {name =~ "microblaze*#0" && bscan=="USER2"  && jtag_cable_name =~ "Digilent Arty A7-35T 210319A7660AA"} -index 0
rst -processor
targets -set -nocase -filter {name =~ "microblaze*#0" && bscan=="USER2"  && jtag_cable_name =~ "Digilent Arty A7-35T 210319A7660AA"} -index 0
dow Y:/Pau/FPGA_TOF/TOF_4Ports.sdk/TCPServer/Debug/TCPServer.elf
----------------End of Script----------------

11:54:14 INFO  : Context for processor 'microblaze_0' is selected.
11:54:14 INFO  : 'con' command is executed.
11:54:14 INFO  : ----------------XSDB Script (After Launch)----------------
targets -set -nocase -filter {name =~ "microblaze*#0" && bscan=="USER2"  && jtag_cable_name =~ "Digilent Arty A7-35T 210319A7660AA"} -index 0
con
----------------End of Script----------------

11:54:14 INFO  : Disconnected from the channel tcfchan#6.
12:00:45 INFO  : 'targets -set -filter {jtag_cable_name =~ "Digilent Arty A7-35T 210319A7660AA" && level==0} -index 0' command is executed.
12:00:45 INFO  : 'fpga -state' command is executed.
12:00:45 INFO  : Connected to target on host '127.0.0.1' and port '3121'.
12:00:45 INFO  : Jtag cable 'Digilent Arty A7-35T 210319A7660AA' is selected.
12:00:45 INFO  : 'jtag frequency' command is executed.
12:00:45 INFO  : 'configparams mdm-detect-bscan-mask 2' command is executed.
12:00:45 INFO  : Context for processor 'microblaze_0' is selected.
12:00:45 INFO  : Processor reset is completed for 'microblaze_0'.
12:00:45 INFO  : Context for processor 'microblaze_0' is selected.
12:00:46 INFO  : The application 'Y:/Pau/FPGA_TOF/TOF_4Ports.sdk/TCPServer/Debug/TCPServer.elf' is downloaded to processor 'microblaze_0'.
12:00:46 INFO  : ----------------XSDB Script----------------
connect -url tcp:127.0.0.1:3121
configparams mdm-detect-bscan-mask 2
targets -set -nocase -filter {name =~ "microblaze*#0" && bscan=="USER2"  && jtag_cable_name =~ "Digilent Arty A7-35T 210319A7660AA"} -index 0
rst -processor
targets -set -nocase -filter {name =~ "microblaze*#0" && bscan=="USER2"  && jtag_cable_name =~ "Digilent Arty A7-35T 210319A7660AA"} -index 0
dow Y:/Pau/FPGA_TOF/TOF_4Ports.sdk/TCPServer/Debug/TCPServer.elf
----------------End of Script----------------

12:00:46 INFO  : Context for processor 'microblaze_0' is selected.
12:00:46 INFO  : 'con' command is executed.
12:00:46 INFO  : ----------------XSDB Script (After Launch)----------------
targets -set -nocase -filter {name =~ "microblaze*#0" && bscan=="USER2"  && jtag_cable_name =~ "Digilent Arty A7-35T 210319A7660AA"} -index 0
con
----------------End of Script----------------

12:00:46 INFO  : Disconnected from the channel tcfchan#7.
12:02:59 INFO  : 'targets -set -filter {jtag_cable_name =~ "Digilent Arty A7-35T 210319A7660AA" && level==0} -index 0' command is executed.
12:02:59 INFO  : 'fpga -state' command is executed.
12:02:59 INFO  : Connected to target on host '127.0.0.1' and port '3121'.
12:02:59 INFO  : Jtag cable 'Digilent Arty A7-35T 210319A7660AA' is selected.
12:02:59 INFO  : 'jtag frequency' command is executed.
12:02:59 INFO  : 'configparams mdm-detect-bscan-mask 2' command is executed.
12:02:59 INFO  : Context for processor 'microblaze_0' is selected.
12:02:59 INFO  : Processor reset is completed for 'microblaze_0'.
12:02:59 INFO  : Context for processor 'microblaze_0' is selected.
12:03:00 INFO  : The application 'Y:/Pau/FPGA_TOF/TOF_4Ports.sdk/TCPServer/Debug/TCPServer.elf' is downloaded to processor 'microblaze_0'.
12:03:00 INFO  : ----------------XSDB Script----------------
connect -url tcp:127.0.0.1:3121
configparams mdm-detect-bscan-mask 2
targets -set -nocase -filter {name =~ "microblaze*#0" && bscan=="USER2"  && jtag_cable_name =~ "Digilent Arty A7-35T 210319A7660AA"} -index 0
rst -processor
targets -set -nocase -filter {name =~ "microblaze*#0" && bscan=="USER2"  && jtag_cable_name =~ "Digilent Arty A7-35T 210319A7660AA"} -index 0
dow Y:/Pau/FPGA_TOF/TOF_4Ports.sdk/TCPServer/Debug/TCPServer.elf
----------------End of Script----------------

12:03:00 INFO  : Context for processor 'microblaze_0' is selected.
12:03:00 INFO  : 'con' command is executed.
12:03:00 INFO  : ----------------XSDB Script (After Launch)----------------
targets -set -nocase -filter {name =~ "microblaze*#0" && bscan=="USER2"  && jtag_cable_name =~ "Digilent Arty A7-35T 210319A7660AA"} -index 0
con
----------------End of Script----------------

12:03:00 INFO  : Disconnected from the channel tcfchan#8.
12:05:09 INFO  : 'targets -set -filter {jtag_cable_name =~ "Digilent Arty A7-35T 210319A7660AA" && level==0} -index 0' command is executed.
12:05:09 INFO  : 'fpga -state' command is executed.
12:05:09 INFO  : Connected to target on host '127.0.0.1' and port '3121'.
12:05:09 INFO  : Jtag cable 'Digilent Arty A7-35T 210319A7660AA' is selected.
12:05:09 INFO  : 'jtag frequency' command is executed.
12:05:09 INFO  : 'configparams mdm-detect-bscan-mask 2' command is executed.
12:05:09 INFO  : Context for processor 'microblaze_0' is selected.
12:05:09 INFO  : Processor reset is completed for 'microblaze_0'.
12:05:09 INFO  : Context for processor 'microblaze_0' is selected.
12:05:10 INFO  : The application 'Y:/Pau/FPGA_TOF/TOF_4Ports.sdk/TCPServer/Debug/TCPServer.elf' is downloaded to processor 'microblaze_0'.
12:05:10 INFO  : ----------------XSDB Script----------------
connect -url tcp:127.0.0.1:3121
configparams mdm-detect-bscan-mask 2
targets -set -nocase -filter {name =~ "microblaze*#0" && bscan=="USER2"  && jtag_cable_name =~ "Digilent Arty A7-35T 210319A7660AA"} -index 0
rst -processor
targets -set -nocase -filter {name =~ "microblaze*#0" && bscan=="USER2"  && jtag_cable_name =~ "Digilent Arty A7-35T 210319A7660AA"} -index 0
dow Y:/Pau/FPGA_TOF/TOF_4Ports.sdk/TCPServer/Debug/TCPServer.elf
----------------End of Script----------------

12:05:10 INFO  : Context for processor 'microblaze_0' is selected.
12:05:10 INFO  : 'con' command is executed.
12:05:10 INFO  : ----------------XSDB Script (After Launch)----------------
targets -set -nocase -filter {name =~ "microblaze*#0" && bscan=="USER2"  && jtag_cable_name =~ "Digilent Arty A7-35T 210319A7660AA"} -index 0
con
----------------End of Script----------------

12:05:10 INFO  : Disconnected from the channel tcfchan#9.
12:24:13 INFO  : 'targets -set -filter {jtag_cable_name =~ "Digilent Arty A7-35T 210319A7660AA" && level==0} -index 0' command is executed.
12:24:13 INFO  : 'fpga -state' command is executed.
12:24:13 INFO  : Connected to target on host '127.0.0.1' and port '3121'.
12:24:13 INFO  : Jtag cable 'Digilent Arty A7-35T 210319A7660AA' is selected.
12:24:13 INFO  : 'jtag frequency' command is executed.
12:24:13 INFO  : 'configparams mdm-detect-bscan-mask 2' command is executed.
12:24:13 INFO  : Context for processor 'microblaze_0' is selected.
12:24:13 INFO  : Processor reset is completed for 'microblaze_0'.
12:24:13 INFO  : Context for processor 'microblaze_0' is selected.
12:24:14 INFO  : The application 'Y:/Pau/FPGA_TOF/TOF_4Ports.sdk/TCPServer/Debug/TCPServer.elf' is downloaded to processor 'microblaze_0'.
12:24:14 INFO  : ----------------XSDB Script----------------
connect -url tcp:127.0.0.1:3121
configparams mdm-detect-bscan-mask 2
targets -set -nocase -filter {name =~ "microblaze*#0" && bscan=="USER2"  && jtag_cable_name =~ "Digilent Arty A7-35T 210319A7660AA"} -index 0
rst -processor
targets -set -nocase -filter {name =~ "microblaze*#0" && bscan=="USER2"  && jtag_cable_name =~ "Digilent Arty A7-35T 210319A7660AA"} -index 0
dow Y:/Pau/FPGA_TOF/TOF_4Ports.sdk/TCPServer/Debug/TCPServer.elf
----------------End of Script----------------

12:24:14 INFO  : Context for processor 'microblaze_0' is selected.
12:24:14 INFO  : 'con' command is executed.
12:24:14 INFO  : ----------------XSDB Script (After Launch)----------------
targets -set -nocase -filter {name =~ "microblaze*#0" && bscan=="USER2"  && jtag_cable_name =~ "Digilent Arty A7-35T 210319A7660AA"} -index 0
con
----------------End of Script----------------

12:24:14 INFO  : Disconnected from the channel tcfchan#10.
14:14:44 INFO  : 'targets -set -filter {jtag_cable_name =~ "Digilent Arty A7-35T 210319A7660AA" && level==0} -index 0' command is executed.
14:14:44 INFO  : 'fpga -state' command is executed.
14:14:44 INFO  : Connected to target on host '127.0.0.1' and port '3121'.
14:14:45 INFO  : Jtag cable 'Digilent Arty A7-35T 210319A7660AA' is selected.
14:14:45 INFO  : 'jtag frequency' command is executed.
14:14:45 INFO  : 'configparams mdm-detect-bscan-mask 2' command is executed.
14:14:45 INFO  : Context for processor 'microblaze_0' is selected.
14:14:45 INFO  : Processor reset is completed for 'microblaze_0'.
14:14:45 INFO  : Context for processor 'microblaze_0' is selected.
14:14:45 INFO  : The application 'Y:/Pau/FPGA_TOF/TOF_4Ports.sdk/TCPServer/Debug/TCPServer.elf' is downloaded to processor 'microblaze_0'.
14:14:45 INFO  : ----------------XSDB Script----------------
connect -url tcp:127.0.0.1:3121
configparams mdm-detect-bscan-mask 2
targets -set -nocase -filter {name =~ "microblaze*#0" && bscan=="USER2"  && jtag_cable_name =~ "Digilent Arty A7-35T 210319A7660AA"} -index 0
rst -processor
targets -set -nocase -filter {name =~ "microblaze*#0" && bscan=="USER2"  && jtag_cable_name =~ "Digilent Arty A7-35T 210319A7660AA"} -index 0
dow Y:/Pau/FPGA_TOF/TOF_4Ports.sdk/TCPServer/Debug/TCPServer.elf
----------------End of Script----------------

14:14:46 INFO  : Context for processor 'microblaze_0' is selected.
14:14:46 INFO  : 'con' command is executed.
14:14:46 INFO  : ----------------XSDB Script (After Launch)----------------
targets -set -nocase -filter {name =~ "microblaze*#0" && bscan=="USER2"  && jtag_cable_name =~ "Digilent Arty A7-35T 210319A7660AA"} -index 0
con
----------------End of Script----------------

14:14:46 INFO  : Disconnected from the channel tcfchan#11.
14:18:03 INFO  : 'targets -set -filter {jtag_cable_name =~ "Digilent Arty A7-35T 210319A7660AA" && level==0} -index 0' command is executed.
14:18:03 INFO  : 'fpga -state' command is executed.
14:18:03 INFO  : Connected to target on host '127.0.0.1' and port '3121'.
14:18:03 INFO  : Jtag cable 'Digilent Arty A7-35T 210319A7660AA' is selected.
14:18:03 INFO  : 'jtag frequency' command is executed.
14:18:03 INFO  : 'configparams mdm-detect-bscan-mask 2' command is executed.
14:18:03 INFO  : Context for processor 'microblaze_0' is selected.
14:18:03 INFO  : Processor reset is completed for 'microblaze_0'.
14:18:03 INFO  : Context for processor 'microblaze_0' is selected.
14:18:04 INFO  : The application 'Y:/Pau/FPGA_TOF/TOF_4Ports.sdk/TCPServer/Debug/TCPServer.elf' is downloaded to processor 'microblaze_0'.
14:18:04 INFO  : ----------------XSDB Script----------------
connect -url tcp:127.0.0.1:3121
configparams mdm-detect-bscan-mask 2
targets -set -nocase -filter {name =~ "microblaze*#0" && bscan=="USER2"  && jtag_cable_name =~ "Digilent Arty A7-35T 210319A7660AA"} -index 0
rst -processor
targets -set -nocase -filter {name =~ "microblaze*#0" && bscan=="USER2"  && jtag_cable_name =~ "Digilent Arty A7-35T 210319A7660AA"} -index 0
dow Y:/Pau/FPGA_TOF/TOF_4Ports.sdk/TCPServer/Debug/TCPServer.elf
----------------End of Script----------------

14:18:04 INFO  : Context for processor 'microblaze_0' is selected.
14:18:04 INFO  : 'con' command is executed.
14:18:04 INFO  : ----------------XSDB Script (After Launch)----------------
targets -set -nocase -filter {name =~ "microblaze*#0" && bscan=="USER2"  && jtag_cable_name =~ "Digilent Arty A7-35T 210319A7660AA"} -index 0
con
----------------End of Script----------------

14:18:04 INFO  : Disconnected from the channel tcfchan#12.
14:20:40 INFO  : 'targets -set -filter {jtag_cable_name =~ "Digilent Arty A7-35T 210319A7660AA" && level==0} -index 0' command is executed.
14:20:40 INFO  : 'fpga -state' command is executed.
14:20:40 INFO  : Connected to target on host '127.0.0.1' and port '3121'.
14:20:41 INFO  : Jtag cable 'Digilent Arty A7-35T 210319A7660AA' is selected.
14:20:41 INFO  : 'jtag frequency' command is executed.
14:20:41 INFO  : 'configparams mdm-detect-bscan-mask 2' command is executed.
14:20:41 INFO  : Context for processor 'microblaze_0' is selected.
14:20:41 INFO  : Processor reset is completed for 'microblaze_0'.
14:20:41 INFO  : Context for processor 'microblaze_0' is selected.
14:20:41 INFO  : The application 'Y:/Pau/FPGA_TOF/TOF_4Ports.sdk/TCPServer/Debug/TCPServer.elf' is downloaded to processor 'microblaze_0'.
14:20:41 INFO  : ----------------XSDB Script----------------
connect -url tcp:127.0.0.1:3121
configparams mdm-detect-bscan-mask 2
targets -set -nocase -filter {name =~ "microblaze*#0" && bscan=="USER2"  && jtag_cable_name =~ "Digilent Arty A7-35T 210319A7660AA"} -index 0
rst -processor
targets -set -nocase -filter {name =~ "microblaze*#0" && bscan=="USER2"  && jtag_cable_name =~ "Digilent Arty A7-35T 210319A7660AA"} -index 0
dow Y:/Pau/FPGA_TOF/TOF_4Ports.sdk/TCPServer/Debug/TCPServer.elf
----------------End of Script----------------

14:20:42 INFO  : Context for processor 'microblaze_0' is selected.
14:20:42 INFO  : 'con' command is executed.
14:20:42 INFO  : ----------------XSDB Script (After Launch)----------------
targets -set -nocase -filter {name =~ "microblaze*#0" && bscan=="USER2"  && jtag_cable_name =~ "Digilent Arty A7-35T 210319A7660AA"} -index 0
con
----------------End of Script----------------

14:20:42 INFO  : Disconnected from the channel tcfchan#13.
14:22:58 INFO  : Registering command handlers for SDK TCF services
14:22:59 INFO  : Launching XSCT server: xsct.bat -interactive E:\FPGA_projects\TOF_4Ports\temp_xsdb_launch_script.tcl
14:23:06 INFO  : XSCT server has started successfully.
14:23:08 INFO  : Processing command line option -hwspec E:/FPGA_projects/TOF_4Ports.
14:23:11 INFO  : Successfully done setting XSCT server connection channel  
14:23:11 INFO  : Successfully done setting SDK workspace  
14:23:11 ERROR : Error occurred while creating hardware platform TOF_4Ports_hw_platform_1 from sysdef
java.io.FileNotFoundException: E:\FPGA_projects\TOF_4Ports (Access is denied)
	at java.io.FileInputStream.open0(Native Method)
	at java.io.FileInputStream.open(FileInputStream.java:195)
	at java.io.FileInputStream.<init>(FileInputStream.java:138)
	at java.io.FileInputStream.<init>(FileInputStream.java:93)
	at com.xilinx.sdk.hw.internal.HwProjectCreator.createHwProjectFromZip(HwProjectCreator.java:100)
	at com.xilinx.sdk.hw.HwProjectUtil.internalCreate(HwProjectUtil.java:277)
	at com.xilinx.sdk.hw.HwProjectUtil.makeNewHardwareProject(HwProjectUtil.java:221)
	at com.xilinx.sdk.hw.HwProjectUtil.makeNewHardwareProject(HwProjectUtil.java:208)
	at com.xilinx.sdk.hw.HwProjectUtil.makeNewHardwareProject(HwProjectUtil.java:182)
	at com.xilinx.sdk.startup.InitSDK.processHwSpecArgumentTask(InitSDK.java:515)
	at com.xilinx.sdk.startup.InitSDK.access$8(InitSDK.java:497)
	at com.xilinx.sdk.startup.InitSDK$12.run(InitSDK.java:448)
	at org.eclipse.core.internal.jobs.Worker.run(Worker.java:55)
14:23:12 ERROR : Unable to create Hardware Specification Project with specification file: E:/FPGA_projects/TOF_4Ports
14:23:25 INFO  : 'targets -set -filter {jtag_cable_name =~ "Digilent Arty A7-35T 210319A7660AA" && level==0} -index 0' command is executed.
14:23:25 INFO  : 'fpga -state' command is executed.
14:23:25 INFO  : Connected to target on host '127.0.0.1' and port '3121'.
14:23:25 INFO  : Jtag cable 'Digilent Arty A7-35T 210319A7660AA' is selected.
14:23:25 INFO  : 'jtag frequency' command is executed.
14:23:25 INFO  : 'configparams mdm-detect-bscan-mask 2' command is executed.
14:23:25 INFO  : Context for processor 'microblaze_0' is selected.
14:23:25 INFO  : Processor reset is completed for 'microblaze_0'.
14:23:25 INFO  : Context for processor 'microblaze_0' is selected.
14:23:26 INFO  : The application 'Y:/Pau/FPGA_TOF/TOF_4Ports.sdk/TCPServer/Debug/TCPServer.elf' is downloaded to processor 'microblaze_0'.
14:23:26 INFO  : ----------------XSDB Script----------------
connect -url tcp:127.0.0.1:3121
configparams mdm-detect-bscan-mask 2
targets -set -nocase -filter {name =~ "microblaze*#0" && bscan=="USER2"  && jtag_cable_name =~ "Digilent Arty A7-35T 210319A7660AA"} -index 0
rst -processor
targets -set -nocase -filter {name =~ "microblaze*#0" && bscan=="USER2"  && jtag_cable_name =~ "Digilent Arty A7-35T 210319A7660AA"} -index 0
dow Y:/Pau/FPGA_TOF/TOF_4Ports.sdk/TCPServer/Debug/TCPServer.elf
----------------End of Script----------------

14:23:26 INFO  : Context for processor 'microblaze_0' is selected.
14:23:26 INFO  : 'con' command is executed.
14:23:26 INFO  : ----------------XSDB Script (After Launch)----------------
targets -set -nocase -filter {name =~ "microblaze*#0" && bscan=="USER2"  && jtag_cable_name =~ "Digilent Arty A7-35T 210319A7660AA"} -index 0
con
----------------End of Script----------------

14:23:26 INFO  : Disconnected from the channel tcfchan#1.
14:25:22 INFO  : 'targets -set -filter {jtag_cable_name =~ "Digilent Arty A7-35T 210319A7660AA" && level==0} -index 0' command is executed.
14:25:22 INFO  : 'fpga -state' command is executed.
14:25:22 INFO  : Connected to target on host '127.0.0.1' and port '3121'.
14:25:22 INFO  : Jtag cable 'Digilent Arty A7-35T 210319A7660AA' is selected.
14:25:22 INFO  : 'jtag frequency' command is executed.
14:25:22 INFO  : 'configparams mdm-detect-bscan-mask 2' command is executed.
14:25:22 INFO  : Context for processor 'microblaze_0' is selected.
14:25:22 INFO  : Processor reset is completed for 'microblaze_0'.
14:25:22 INFO  : Context for processor 'microblaze_0' is selected.
14:25:23 INFO  : The application 'Y:/Pau/FPGA_TOF/TOF_4Ports.sdk/TCPServer/Debug/TCPServer.elf' is downloaded to processor 'microblaze_0'.
14:25:23 INFO  : ----------------XSDB Script----------------
connect -url tcp:127.0.0.1:3121
configparams mdm-detect-bscan-mask 2
targets -set -nocase -filter {name =~ "microblaze*#0" && bscan=="USER2"  && jtag_cable_name =~ "Digilent Arty A7-35T 210319A7660AA"} -index 0
rst -processor
targets -set -nocase -filter {name =~ "microblaze*#0" && bscan=="USER2"  && jtag_cable_name =~ "Digilent Arty A7-35T 210319A7660AA"} -index 0
dow Y:/Pau/FPGA_TOF/TOF_4Ports.sdk/TCPServer/Debug/TCPServer.elf
----------------End of Script----------------

14:25:23 INFO  : Context for processor 'microblaze_0' is selected.
14:25:23 INFO  : 'con' command is executed.
14:25:23 INFO  : ----------------XSDB Script (After Launch)----------------
targets -set -nocase -filter {name =~ "microblaze*#0" && bscan=="USER2"  && jtag_cable_name =~ "Digilent Arty A7-35T 210319A7660AA"} -index 0
con
----------------End of Script----------------

14:25:23 INFO  : Disconnected from the channel tcfchan#2.
14:27:05 INFO  : 'targets -set -filter {jtag_cable_name =~ "Digilent Arty A7-35T 210319A7660AA" && level==0} -index 0' command is executed.
14:27:05 INFO  : 'fpga -state' command is executed.
14:27:05 INFO  : Connected to target on host '127.0.0.1' and port '3121'.
14:27:05 INFO  : Jtag cable 'Digilent Arty A7-35T 210319A7660AA' is selected.
14:27:05 INFO  : 'jtag frequency' command is executed.
14:27:05 INFO  : 'configparams mdm-detect-bscan-mask 2' command is executed.
14:27:05 INFO  : Context for processor 'microblaze_0' is selected.
14:27:05 INFO  : Processor reset is completed for 'microblaze_0'.
14:27:05 INFO  : Context for processor 'microblaze_0' is selected.
14:27:06 INFO  : The application 'Y:/Pau/FPGA_TOF/TOF_4Ports.sdk/TCPServer/Debug/TCPServer.elf' is downloaded to processor 'microblaze_0'.
14:27:06 INFO  : ----------------XSDB Script----------------
connect -url tcp:127.0.0.1:3121
configparams mdm-detect-bscan-mask 2
targets -set -nocase -filter {name =~ "microblaze*#0" && bscan=="USER2"  && jtag_cable_name =~ "Digilent Arty A7-35T 210319A7660AA"} -index 0
rst -processor
targets -set -nocase -filter {name =~ "microblaze*#0" && bscan=="USER2"  && jtag_cable_name =~ "Digilent Arty A7-35T 210319A7660AA"} -index 0
dow Y:/Pau/FPGA_TOF/TOF_4Ports.sdk/TCPServer/Debug/TCPServer.elf
----------------End of Script----------------

14:27:06 INFO  : Memory regions updated for context MicroBlaze #0
14:27:06 INFO  : Memory regions updated for context MicroBlaze #0
14:27:06 INFO  : Context for processor 'microblaze_0' is selected.
14:27:06 INFO  : 'con' command is executed.
14:27:06 INFO  : ----------------XSDB Script (After Launch)----------------
targets -set -nocase -filter {name =~ "microblaze*#0" && bscan=="USER2"  && jtag_cable_name =~ "Digilent Arty A7-35T 210319A7660AA"} -index 0
con
----------------End of Script----------------

14:27:06 INFO  : Launch script is exported to file 'E:\FPGA_projects\TOF_4Ports\.sdk\launch_scripts\xilinx_c-c++_application_(system_debugger)\system_debugger_using_debug_tcpserver.elf_on_local.tcl'
14:27:35 INFO  : Disconnected from the channel tcfchan#3.
14:27:37 INFO  : 'targets -set -filter {jtag_cable_name =~ "Digilent Arty A7-35T 210319A7660AA" && level==0} -index 0' command is executed.
14:27:37 INFO  : 'fpga -state' command is executed.
14:27:37 INFO  : Connected to target on host '127.0.0.1' and port '3121'.
14:27:37 INFO  : Jtag cable 'Digilent Arty A7-35T 210319A7660AA' is selected.
14:27:37 INFO  : 'jtag frequency' command is executed.
14:27:37 INFO  : 'configparams mdm-detect-bscan-mask 2' command is executed.
14:27:37 INFO  : Context for processor 'microblaze_0' is selected.
14:27:37 INFO  : Processor reset is completed for 'microblaze_0'.
14:27:37 INFO  : Context for processor 'microblaze_0' is selected.
14:27:38 INFO  : The application 'Y:/Pau/FPGA_TOF/TOF_4Ports.sdk/TCPServer/Debug/TCPServer.elf' is downloaded to processor 'microblaze_0'.
14:27:38 INFO  : ----------------XSDB Script----------------
connect -url tcp:127.0.0.1:3121
configparams mdm-detect-bscan-mask 2
targets -set -nocase -filter {name =~ "microblaze*#0" && bscan=="USER2"  && jtag_cable_name =~ "Digilent Arty A7-35T 210319A7660AA"} -index 0
rst -processor
targets -set -nocase -filter {name =~ "microblaze*#0" && bscan=="USER2"  && jtag_cable_name =~ "Digilent Arty A7-35T 210319A7660AA"} -index 0
dow Y:/Pau/FPGA_TOF/TOF_4Ports.sdk/TCPServer/Debug/TCPServer.elf
----------------End of Script----------------

14:27:38 INFO  : Memory regions updated for context MicroBlaze #0
14:27:38 INFO  : Memory regions updated for context MicroBlaze #0
14:27:38 INFO  : Context for processor 'microblaze_0' is selected.
14:27:38 INFO  : 'con' command is executed.
14:27:38 INFO  : ----------------XSDB Script (After Launch)----------------
targets -set -nocase -filter {name =~ "microblaze*#0" && bscan=="USER2"  && jtag_cable_name =~ "Digilent Arty A7-35T 210319A7660AA"} -index 0
con
----------------End of Script----------------

14:27:38 INFO  : Launch script is exported to file 'E:\FPGA_projects\TOF_4Ports\.sdk\launch_scripts\xilinx_c-c++_application_(system_debugger)\system_debugger_using_debug_tcpserver.elf_on_local.tcl'
14:27:47 INFO  : 'targets -set -filter {jtag_cable_name =~ "Digilent Arty A7-35T 210319A7660AA" && level==0} -index 0' command is executed.
14:27:47 INFO  : 'fpga -state' command is executed.
14:27:47 INFO  : Connected to target on host '127.0.0.1' and port '3121'.
14:27:47 INFO  : Jtag cable 'Digilent Arty A7-35T 210319A7660AA' is selected.
14:27:47 INFO  : 'jtag frequency' command is executed.
14:27:47 INFO  : 'configparams mdm-detect-bscan-mask 2' command is executed.
14:27:47 INFO  : Context for processor 'microblaze_0' is selected.
14:27:47 INFO  : Processor reset is completed for 'microblaze_0'.
14:27:47 INFO  : Context for processor 'microblaze_0' is selected.
14:27:48 INFO  : The application 'Y:/Pau/FPGA_TOF/TOF_4Ports.sdk/TCPServer/Debug/TCPServer.elf' is downloaded to processor 'microblaze_0'.
14:27:48 INFO  : ----------------XSDB Script----------------
connect -url tcp:127.0.0.1:3121
configparams mdm-detect-bscan-mask 2
targets -set -nocase -filter {name =~ "microblaze*#0" && bscan=="USER2"  && jtag_cable_name =~ "Digilent Arty A7-35T 210319A7660AA"} -index 0
rst -processor
targets -set -nocase -filter {name =~ "microblaze*#0" && bscan=="USER2"  && jtag_cable_name =~ "Digilent Arty A7-35T 210319A7660AA"} -index 0
dow Y:/Pau/FPGA_TOF/TOF_4Ports.sdk/TCPServer/Debug/TCPServer.elf
----------------End of Script----------------

14:27:48 INFO  : Context for processor 'microblaze_0' is selected.
14:27:48 INFO  : 'con' command is executed.
14:27:48 INFO  : ----------------XSDB Script (After Launch)----------------
targets -set -nocase -filter {name =~ "microblaze*#0" && bscan=="USER2"  && jtag_cable_name =~ "Digilent Arty A7-35T 210319A7660AA"} -index 0
con
----------------End of Script----------------

14:27:48 INFO  : Disconnected from the channel tcfchan#4.
14:28:35 INFO  : 'targets -set -filter {jtag_cable_name =~ "Digilent Arty A7-35T 210319A7660AA" && level==0} -index 0' command is executed.
14:28:35 INFO  : 'fpga -state' command is executed.
14:28:35 INFO  : Connected to target on host '127.0.0.1' and port '3121'.
14:28:36 INFO  : Jtag cable 'Digilent Arty A7-35T 210319A7660AA' is selected.
14:28:36 INFO  : 'jtag frequency' command is executed.
14:28:36 INFO  : 'configparams mdm-detect-bscan-mask 2' command is executed.
14:28:36 INFO  : Context for processor 'microblaze_0' is selected.
14:28:36 INFO  : Processor reset is completed for 'microblaze_0'.
14:28:36 INFO  : Context for processor 'microblaze_0' is selected.
14:28:36 INFO  : The application 'Y:/Pau/FPGA_TOF/TOF_4Ports.sdk/TCPServer/Debug/TCPServer.elf' is downloaded to processor 'microblaze_0'.
14:28:36 INFO  : ----------------XSDB Script----------------
connect -url tcp:127.0.0.1:3121
configparams mdm-detect-bscan-mask 2
targets -set -nocase -filter {name =~ "microblaze*#0" && bscan=="USER2"  && jtag_cable_name =~ "Digilent Arty A7-35T 210319A7660AA"} -index 0
rst -processor
targets -set -nocase -filter {name =~ "microblaze*#0" && bscan=="USER2"  && jtag_cable_name =~ "Digilent Arty A7-35T 210319A7660AA"} -index 0
dow Y:/Pau/FPGA_TOF/TOF_4Ports.sdk/TCPServer/Debug/TCPServer.elf
----------------End of Script----------------

14:28:36 INFO  : Context for processor 'microblaze_0' is selected.
14:28:36 INFO  : 'con' command is executed.
14:28:36 INFO  : ----------------XSDB Script (After Launch)----------------
targets -set -nocase -filter {name =~ "microblaze*#0" && bscan=="USER2"  && jtag_cable_name =~ "Digilent Arty A7-35T 210319A7660AA"} -index 0
con
----------------End of Script----------------

14:28:36 INFO  : Disconnected from the channel tcfchan#5.
14:30:46 INFO  : 'targets -set -filter {jtag_cable_name =~ "Digilent Arty A7-35T 210319A7660AA" && level==0} -index 0' command is executed.
14:30:46 INFO  : 'fpga -state' command is executed.
14:30:46 INFO  : Connected to target on host '127.0.0.1' and port '3121'.
14:30:46 INFO  : Jtag cable 'Digilent Arty A7-35T 210319A7660AA' is selected.
14:30:46 INFO  : 'jtag frequency' command is executed.
14:30:46 INFO  : 'configparams mdm-detect-bscan-mask 2' command is executed.
14:30:46 INFO  : Context for processor 'microblaze_0' is selected.
14:30:46 INFO  : Processor reset is completed for 'microblaze_0'.
14:30:46 INFO  : Context for processor 'microblaze_0' is selected.
14:30:47 INFO  : The application 'Y:/Pau/FPGA_TOF/TOF_4Ports.sdk/TCPServer/Debug/TCPServer.elf' is downloaded to processor 'microblaze_0'.
14:30:47 INFO  : ----------------XSDB Script----------------
connect -url tcp:127.0.0.1:3121
configparams mdm-detect-bscan-mask 2
targets -set -nocase -filter {name =~ "microblaze*#0" && bscan=="USER2"  && jtag_cable_name =~ "Digilent Arty A7-35T 210319A7660AA"} -index 0
rst -processor
targets -set -nocase -filter {name =~ "microblaze*#0" && bscan=="USER2"  && jtag_cable_name =~ "Digilent Arty A7-35T 210319A7660AA"} -index 0
dow Y:/Pau/FPGA_TOF/TOF_4Ports.sdk/TCPServer/Debug/TCPServer.elf
----------------End of Script----------------

14:30:47 INFO  : Context for processor 'microblaze_0' is selected.
14:30:47 INFO  : 'con' command is executed.
14:30:47 INFO  : ----------------XSDB Script (After Launch)----------------
targets -set -nocase -filter {name =~ "microblaze*#0" && bscan=="USER2"  && jtag_cable_name =~ "Digilent Arty A7-35T 210319A7660AA"} -index 0
con
----------------End of Script----------------

14:30:47 INFO  : Disconnected from the channel tcfchan#6.
14:32:06 INFO  : 'targets -set -filter {jtag_cable_name =~ "Digilent Arty A7-35T 210319A7660AA" && level==0} -index 0' command is executed.
14:32:06 INFO  : 'fpga -state' command is executed.
14:32:06 INFO  : Connected to target on host '127.0.0.1' and port '3121'.
14:32:06 INFO  : Jtag cable 'Digilent Arty A7-35T 210319A7660AA' is selected.
14:32:07 INFO  : 'jtag frequency' command is executed.
14:32:07 INFO  : 'configparams mdm-detect-bscan-mask 2' command is executed.
14:32:07 INFO  : Context for processor 'microblaze_0' is selected.
14:32:07 INFO  : Processor reset is completed for 'microblaze_0'.
14:32:07 INFO  : Context for processor 'microblaze_0' is selected.
14:32:07 INFO  : The application 'Y:/Pau/FPGA_TOF/TOF_4Ports.sdk/TCPServer/Debug/TCPServer.elf' is downloaded to processor 'microblaze_0'.
14:32:07 INFO  : ----------------XSDB Script----------------
connect -url tcp:127.0.0.1:3121
configparams mdm-detect-bscan-mask 2
targets -set -nocase -filter {name =~ "microblaze*#0" && bscan=="USER2"  && jtag_cable_name =~ "Digilent Arty A7-35T 210319A7660AA"} -index 0
rst -processor
targets -set -nocase -filter {name =~ "microblaze*#0" && bscan=="USER2"  && jtag_cable_name =~ "Digilent Arty A7-35T 210319A7660AA"} -index 0
dow Y:/Pau/FPGA_TOF/TOF_4Ports.sdk/TCPServer/Debug/TCPServer.elf
----------------End of Script----------------

14:32:08 INFO  : Context for processor 'microblaze_0' is selected.
14:32:08 INFO  : 'con' command is executed.
14:32:08 INFO  : ----------------XSDB Script (After Launch)----------------
targets -set -nocase -filter {name =~ "microblaze*#0" && bscan=="USER2"  && jtag_cable_name =~ "Digilent Arty A7-35T 210319A7660AA"} -index 0
con
----------------End of Script----------------

14:32:08 INFO  : Disconnected from the channel tcfchan#7.
14:33:42 INFO  : 'targets -set -filter {jtag_cable_name =~ "Digilent Arty A7-35T 210319A7660AA" && level==0} -index 0' command is executed.
14:33:42 INFO  : 'fpga -state' command is executed.
14:33:42 INFO  : Connected to target on host '127.0.0.1' and port '3121'.
14:33:42 INFO  : Jtag cable 'Digilent Arty A7-35T 210319A7660AA' is selected.
14:33:42 INFO  : 'jtag frequency' command is executed.
14:33:42 INFO  : 'configparams mdm-detect-bscan-mask 2' command is executed.
14:33:42 INFO  : Context for processor 'microblaze_0' is selected.
14:33:43 INFO  : Processor reset is completed for 'microblaze_0'.
14:33:43 INFO  : Context for processor 'microblaze_0' is selected.
14:33:43 INFO  : The application 'Y:/Pau/FPGA_TOF/TOF_4Ports.sdk/TCPServer/Debug/TCPServer.elf' is downloaded to processor 'microblaze_0'.
14:33:43 INFO  : ----------------XSDB Script----------------
connect -url tcp:127.0.0.1:3121
configparams mdm-detect-bscan-mask 2
targets -set -nocase -filter {name =~ "microblaze*#0" && bscan=="USER2"  && jtag_cable_name =~ "Digilent Arty A7-35T 210319A7660AA"} -index 0
rst -processor
targets -set -nocase -filter {name =~ "microblaze*#0" && bscan=="USER2"  && jtag_cable_name =~ "Digilent Arty A7-35T 210319A7660AA"} -index 0
dow Y:/Pau/FPGA_TOF/TOF_4Ports.sdk/TCPServer/Debug/TCPServer.elf
----------------End of Script----------------

14:33:43 INFO  : Context for processor 'microblaze_0' is selected.
14:33:43 INFO  : 'con' command is executed.
14:33:43 INFO  : ----------------XSDB Script (After Launch)----------------
targets -set -nocase -filter {name =~ "microblaze*#0" && bscan=="USER2"  && jtag_cable_name =~ "Digilent Arty A7-35T 210319A7660AA"} -index 0
con
----------------End of Script----------------

14:33:43 INFO  : Disconnected from the channel tcfchan#8.
14:35:48 INFO  : 'targets -set -filter {jtag_cable_name =~ "Digilent Arty A7-35T 210319A7660AA" && level==0} -index 0' command is executed.
14:35:48 INFO  : 'fpga -state' command is executed.
14:35:48 INFO  : Connected to target on host '127.0.0.1' and port '3121'.
14:35:49 INFO  : Jtag cable 'Digilent Arty A7-35T 210319A7660AA' is selected.
14:35:49 INFO  : 'jtag frequency' command is executed.
14:35:49 INFO  : 'configparams mdm-detect-bscan-mask 2' command is executed.
14:35:49 INFO  : Context for processor 'microblaze_0' is selected.
14:35:49 INFO  : Processor reset is completed for 'microblaze_0'.
14:35:49 INFO  : Context for processor 'microblaze_0' is selected.
14:35:49 INFO  : The application 'Y:/Pau/FPGA_TOF/TOF_4Ports.sdk/TCPServer/Debug/TCPServer.elf' is downloaded to processor 'microblaze_0'.
14:35:49 INFO  : ----------------XSDB Script----------------
connect -url tcp:127.0.0.1:3121
configparams mdm-detect-bscan-mask 2
targets -set -nocase -filter {name =~ "microblaze*#0" && bscan=="USER2"  && jtag_cable_name =~ "Digilent Arty A7-35T 210319A7660AA"} -index 0
rst -processor
targets -set -nocase -filter {name =~ "microblaze*#0" && bscan=="USER2"  && jtag_cable_name =~ "Digilent Arty A7-35T 210319A7660AA"} -index 0
dow Y:/Pau/FPGA_TOF/TOF_4Ports.sdk/TCPServer/Debug/TCPServer.elf
----------------End of Script----------------

14:35:49 INFO  : Context for processor 'microblaze_0' is selected.
14:35:49 INFO  : 'con' command is executed.
14:35:49 INFO  : ----------------XSDB Script (After Launch)----------------
targets -set -nocase -filter {name =~ "microblaze*#0" && bscan=="USER2"  && jtag_cable_name =~ "Digilent Arty A7-35T 210319A7660AA"} -index 0
con
----------------End of Script----------------

14:35:50 INFO  : Disconnected from the channel tcfchan#9.
14:36:35 INFO  : 'targets -set -filter {jtag_cable_name =~ "Digilent Arty A7-35T 210319A7660AA" && level==0} -index 0' command is executed.
14:36:35 INFO  : 'fpga -state' command is executed.
14:36:35 INFO  : Connected to target on host '127.0.0.1' and port '3121'.
14:36:36 INFO  : Jtag cable 'Digilent Arty A7-35T 210319A7660AA' is selected.
14:36:36 INFO  : 'jtag frequency' command is executed.
14:36:36 INFO  : 'configparams mdm-detect-bscan-mask 2' command is executed.
14:36:36 INFO  : Context for processor 'microblaze_0' is selected.
14:36:36 INFO  : Processor reset is completed for 'microblaze_0'.
14:36:36 INFO  : Context for processor 'microblaze_0' is selected.
14:36:37 INFO  : The application 'Y:/Pau/FPGA_TOF/TOF_4Ports.sdk/TCPServer/Debug/TCPServer.elf' is downloaded to processor 'microblaze_0'.
14:36:37 INFO  : ----------------XSDB Script----------------
connect -url tcp:127.0.0.1:3121
configparams mdm-detect-bscan-mask 2
targets -set -nocase -filter {name =~ "microblaze*#0" && bscan=="USER2"  && jtag_cable_name =~ "Digilent Arty A7-35T 210319A7660AA"} -index 0
rst -processor
targets -set -nocase -filter {name =~ "microblaze*#0" && bscan=="USER2"  && jtag_cable_name =~ "Digilent Arty A7-35T 210319A7660AA"} -index 0
dow Y:/Pau/FPGA_TOF/TOF_4Ports.sdk/TCPServer/Debug/TCPServer.elf
----------------End of Script----------------

14:36:37 INFO  : Context for processor 'microblaze_0' is selected.
14:36:37 INFO  : 'con' command is executed.
14:36:37 INFO  : ----------------XSDB Script (After Launch)----------------
targets -set -nocase -filter {name =~ "microblaze*#0" && bscan=="USER2"  && jtag_cable_name =~ "Digilent Arty A7-35T 210319A7660AA"} -index 0
con
----------------End of Script----------------

14:36:37 INFO  : Disconnected from the channel tcfchan#10.
14:39:10 INFO  : 'targets -set -filter {jtag_cable_name =~ "Digilent Arty A7-35T 210319A7660AA" && level==0} -index 0' command is executed.
14:39:10 INFO  : 'fpga -state' command is executed.
14:39:10 INFO  : Connected to target on host '127.0.0.1' and port '3121'.
14:39:10 INFO  : Jtag cable 'Digilent Arty A7-35T 210319A7660AA' is selected.
14:39:10 INFO  : 'jtag frequency' command is executed.
14:39:10 INFO  : 'configparams mdm-detect-bscan-mask 2' command is executed.
14:39:10 INFO  : Context for processor 'microblaze_0' is selected.
14:39:10 INFO  : Processor reset is completed for 'microblaze_0'.
14:39:10 INFO  : Context for processor 'microblaze_0' is selected.
14:39:11 INFO  : The application 'Y:/Pau/FPGA_TOF/TOF_4Ports.sdk/TCPServer/Debug/TCPServer.elf' is downloaded to processor 'microblaze_0'.
14:39:11 INFO  : ----------------XSDB Script----------------
connect -url tcp:127.0.0.1:3121
configparams mdm-detect-bscan-mask 2
targets -set -nocase -filter {name =~ "microblaze*#0" && bscan=="USER2"  && jtag_cable_name =~ "Digilent Arty A7-35T 210319A7660AA"} -index 0
rst -processor
targets -set -nocase -filter {name =~ "microblaze*#0" && bscan=="USER2"  && jtag_cable_name =~ "Digilent Arty A7-35T 210319A7660AA"} -index 0
dow Y:/Pau/FPGA_TOF/TOF_4Ports.sdk/TCPServer/Debug/TCPServer.elf
----------------End of Script----------------

14:39:11 INFO  : Context for processor 'microblaze_0' is selected.
14:39:11 INFO  : 'con' command is executed.
14:39:11 INFO  : ----------------XSDB Script (After Launch)----------------
targets -set -nocase -filter {name =~ "microblaze*#0" && bscan=="USER2"  && jtag_cable_name =~ "Digilent Arty A7-35T 210319A7660AA"} -index 0
con
----------------End of Script----------------

14:39:11 INFO  : Disconnected from the channel tcfchan#11.
14:41:08 INFO  : 'targets -set -filter {jtag_cable_name =~ "Digilent Arty A7-35T 210319A7660AA" && level==0} -index 0' command is executed.
14:41:08 INFO  : 'fpga -state' command is executed.
14:41:08 INFO  : Connected to target on host '127.0.0.1' and port '3121'.
14:41:09 INFO  : Jtag cable 'Digilent Arty A7-35T 210319A7660AA' is selected.
14:41:09 INFO  : 'jtag frequency' command is executed.
14:41:09 INFO  : 'configparams mdm-detect-bscan-mask 2' command is executed.
14:41:09 INFO  : Context for processor 'microblaze_0' is selected.
14:41:09 INFO  : Processor reset is completed for 'microblaze_0'.
14:41:09 INFO  : Context for processor 'microblaze_0' is selected.
14:41:09 INFO  : The application 'Y:/Pau/FPGA_TOF/TOF_4Ports.sdk/TCPServer/Debug/TCPServer.elf' is downloaded to processor 'microblaze_0'.
14:41:09 INFO  : ----------------XSDB Script----------------
connect -url tcp:127.0.0.1:3121
configparams mdm-detect-bscan-mask 2
targets -set -nocase -filter {name =~ "microblaze*#0" && bscan=="USER2"  && jtag_cable_name =~ "Digilent Arty A7-35T 210319A7660AA"} -index 0
rst -processor
targets -set -nocase -filter {name =~ "microblaze*#0" && bscan=="USER2"  && jtag_cable_name =~ "Digilent Arty A7-35T 210319A7660AA"} -index 0
dow Y:/Pau/FPGA_TOF/TOF_4Ports.sdk/TCPServer/Debug/TCPServer.elf
----------------End of Script----------------

14:41:10 INFO  : Context for processor 'microblaze_0' is selected.
14:41:10 INFO  : 'con' command is executed.
14:41:10 INFO  : ----------------XSDB Script (After Launch)----------------
targets -set -nocase -filter {name =~ "microblaze*#0" && bscan=="USER2"  && jtag_cable_name =~ "Digilent Arty A7-35T 210319A7660AA"} -index 0
con
----------------End of Script----------------

14:41:10 INFO  : Disconnected from the channel tcfchan#12.
15:34:44 INFO  : 'targets -set -filter {jtag_cable_name =~ "Digilent Arty A7-35T 210319A7660AA" && level==0} -index 0' command is executed.
15:34:44 INFO  : 'fpga -state' command is executed.
15:34:44 INFO  : Connected to target on host '127.0.0.1' and port '3121'.
15:34:44 INFO  : Jtag cable 'Digilent Arty A7-35T 210319A7660AA' is selected.
15:34:44 INFO  : 'jtag frequency' command is executed.
15:34:44 INFO  : 'configparams mdm-detect-bscan-mask 2' command is executed.
15:34:44 INFO  : Context for processor 'microblaze_0' is selected.
15:34:44 INFO  : Processor reset is completed for 'microblaze_0'.
15:34:45 INFO  : Context for processor 'microblaze_0' is selected.
15:34:45 INFO  : The application 'Y:/Pau/FPGA_TOF/TOF_4Ports.sdk/TCPServer/Debug/TCPServer.elf' is downloaded to processor 'microblaze_0'.
15:34:45 INFO  : ----------------XSDB Script----------------
connect -url tcp:127.0.0.1:3121
configparams mdm-detect-bscan-mask 2
targets -set -nocase -filter {name =~ "microblaze*#0" && bscan=="USER2"  && jtag_cable_name =~ "Digilent Arty A7-35T 210319A7660AA"} -index 0
rst -processor
targets -set -nocase -filter {name =~ "microblaze*#0" && bscan=="USER2"  && jtag_cable_name =~ "Digilent Arty A7-35T 210319A7660AA"} -index 0
dow Y:/Pau/FPGA_TOF/TOF_4Ports.sdk/TCPServer/Debug/TCPServer.elf
----------------End of Script----------------

15:34:45 INFO  : Context for processor 'microblaze_0' is selected.
15:34:45 INFO  : 'con' command is executed.
15:34:45 INFO  : ----------------XSDB Script (After Launch)----------------
targets -set -nocase -filter {name =~ "microblaze*#0" && bscan=="USER2"  && jtag_cable_name =~ "Digilent Arty A7-35T 210319A7660AA"} -index 0
con
----------------End of Script----------------

15:34:45 INFO  : Disconnected from the channel tcfchan#13.
15:37:55 INFO  : 'targets -set -filter {jtag_cable_name =~ "Digilent Arty A7-35T 210319A7660AA" && level==0} -index 0' command is executed.
15:37:55 INFO  : 'fpga -state' command is executed.
15:37:55 INFO  : Connected to target on host '127.0.0.1' and port '3121'.
15:37:55 INFO  : Jtag cable 'Digilent Arty A7-35T 210319A7660AA' is selected.
15:37:55 INFO  : 'jtag frequency' command is executed.
15:37:55 INFO  : 'configparams mdm-detect-bscan-mask 2' command is executed.
15:37:55 INFO  : Context for processor 'microblaze_0' is selected.
15:37:55 INFO  : Processor reset is completed for 'microblaze_0'.
15:37:55 INFO  : Context for processor 'microblaze_0' is selected.
15:37:56 INFO  : The application 'Y:/Pau/FPGA_TOF/TOF_4Ports.sdk/TCPServer/Debug/TCPServer.elf' is downloaded to processor 'microblaze_0'.
15:37:56 INFO  : ----------------XSDB Script----------------
connect -url tcp:127.0.0.1:3121
configparams mdm-detect-bscan-mask 2
targets -set -nocase -filter {name =~ "microblaze*#0" && bscan=="USER2"  && jtag_cable_name =~ "Digilent Arty A7-35T 210319A7660AA"} -index 0
rst -processor
targets -set -nocase -filter {name =~ "microblaze*#0" && bscan=="USER2"  && jtag_cable_name =~ "Digilent Arty A7-35T 210319A7660AA"} -index 0
dow Y:/Pau/FPGA_TOF/TOF_4Ports.sdk/TCPServer/Debug/TCPServer.elf
----------------End of Script----------------

15:37:56 INFO  : Context for processor 'microblaze_0' is selected.
15:37:56 INFO  : 'con' command is executed.
15:37:56 INFO  : ----------------XSDB Script (After Launch)----------------
targets -set -nocase -filter {name =~ "microblaze*#0" && bscan=="USER2"  && jtag_cable_name =~ "Digilent Arty A7-35T 210319A7660AA"} -index 0
con
----------------End of Script----------------

15:37:56 INFO  : Disconnected from the channel tcfchan#14.
15:42:48 INFO  : 'targets -set -filter {jtag_cable_name =~ "Digilent Arty A7-35T 210319A7660AA" && level==0} -index 0' command is executed.
15:42:48 INFO  : 'fpga -state' command is executed.
15:42:48 INFO  : Connected to target on host '127.0.0.1' and port '3121'.
15:42:48 INFO  : Jtag cable 'Digilent Arty A7-35T 210319A7660AA' is selected.
15:42:48 INFO  : 'jtag frequency' command is executed.
15:42:48 INFO  : 'configparams mdm-detect-bscan-mask 2' command is executed.
15:42:48 INFO  : Context for processor 'microblaze_0' is selected.
15:42:48 INFO  : Processor reset is completed for 'microblaze_0'.
15:42:48 INFO  : Context for processor 'microblaze_0' is selected.
15:42:49 INFO  : The application 'Y:/Pau/FPGA_TOF/TOF_4Ports.sdk/TCPServer/Debug/TCPServer.elf' is downloaded to processor 'microblaze_0'.
15:42:49 INFO  : ----------------XSDB Script----------------
connect -url tcp:127.0.0.1:3121
configparams mdm-detect-bscan-mask 2
targets -set -nocase -filter {name =~ "microblaze*#0" && bscan=="USER2"  && jtag_cable_name =~ "Digilent Arty A7-35T 210319A7660AA"} -index 0
rst -processor
targets -set -nocase -filter {name =~ "microblaze*#0" && bscan=="USER2"  && jtag_cable_name =~ "Digilent Arty A7-35T 210319A7660AA"} -index 0
dow Y:/Pau/FPGA_TOF/TOF_4Ports.sdk/TCPServer/Debug/TCPServer.elf
----------------End of Script----------------

15:42:49 INFO  : Context for processor 'microblaze_0' is selected.
15:42:49 INFO  : 'con' command is executed.
15:42:49 INFO  : ----------------XSDB Script (After Launch)----------------
targets -set -nocase -filter {name =~ "microblaze*#0" && bscan=="USER2"  && jtag_cable_name =~ "Digilent Arty A7-35T 210319A7660AA"} -index 0
con
----------------End of Script----------------

15:42:49 INFO  : Disconnected from the channel tcfchan#15.
15:52:25 INFO  : 'targets -set -filter {jtag_cable_name =~ "Digilent Arty A7-35T 210319A7660AA" && level==0} -index 0' command is executed.
15:52:25 INFO  : 'fpga -state' command is executed.
15:52:25 INFO  : Connected to target on host '127.0.0.1' and port '3121'.
15:52:25 INFO  : Jtag cable 'Digilent Arty A7-35T 210319A7660AA' is selected.
15:52:25 INFO  : 'jtag frequency' command is executed.
15:52:25 INFO  : 'configparams mdm-detect-bscan-mask 2' command is executed.
15:52:25 INFO  : Context for processor 'microblaze_0' is selected.
15:52:25 INFO  : Processor reset is completed for 'microblaze_0'.
15:52:25 INFO  : Context for processor 'microblaze_0' is selected.
15:52:26 INFO  : The application 'Y:/Pau/FPGA_TOF/TOF_4Ports.sdk/TCPServer/Debug/TCPServer.elf' is downloaded to processor 'microblaze_0'.
15:52:26 INFO  : ----------------XSDB Script----------------
connect -url tcp:127.0.0.1:3121
configparams mdm-detect-bscan-mask 2
targets -set -nocase -filter {name =~ "microblaze*#0" && bscan=="USER2"  && jtag_cable_name =~ "Digilent Arty A7-35T 210319A7660AA"} -index 0
rst -processor
targets -set -nocase -filter {name =~ "microblaze*#0" && bscan=="USER2"  && jtag_cable_name =~ "Digilent Arty A7-35T 210319A7660AA"} -index 0
dow Y:/Pau/FPGA_TOF/TOF_4Ports.sdk/TCPServer/Debug/TCPServer.elf
----------------End of Script----------------

15:52:26 INFO  : Context for processor 'microblaze_0' is selected.
15:52:26 INFO  : 'con' command is executed.
15:52:26 INFO  : ----------------XSDB Script (After Launch)----------------
targets -set -nocase -filter {name =~ "microblaze*#0" && bscan=="USER2"  && jtag_cable_name =~ "Digilent Arty A7-35T 210319A7660AA"} -index 0
con
----------------End of Script----------------

15:52:26 INFO  : Disconnected from the channel tcfchan#16.
15:56:11 INFO  : 'targets -set -filter {jtag_cable_name =~ "Digilent Arty A7-35T 210319A7660AA" && level==0} -index 0' command is executed.
15:56:11 INFO  : 'fpga -state' command is executed.
15:56:11 INFO  : Connected to target on host '127.0.0.1' and port '3121'.
15:56:12 INFO  : Jtag cable 'Digilent Arty A7-35T 210319A7660AA' is selected.
15:56:12 INFO  : 'jtag frequency' command is executed.
15:56:12 INFO  : 'configparams mdm-detect-bscan-mask 2' command is executed.
15:56:12 INFO  : Context for processor 'microblaze_0' is selected.
15:56:12 INFO  : Processor reset is completed for 'microblaze_0'.
15:56:12 INFO  : Context for processor 'microblaze_0' is selected.
15:56:12 INFO  : The application 'Y:/Pau/FPGA_TOF/TOF_4Ports.sdk/TCPServer/Debug/TCPServer.elf' is downloaded to processor 'microblaze_0'.
15:56:12 INFO  : ----------------XSDB Script----------------
connect -url tcp:127.0.0.1:3121
configparams mdm-detect-bscan-mask 2
targets -set -nocase -filter {name =~ "microblaze*#0" && bscan=="USER2"  && jtag_cable_name =~ "Digilent Arty A7-35T 210319A7660AA"} -index 0
rst -processor
targets -set -nocase -filter {name =~ "microblaze*#0" && bscan=="USER2"  && jtag_cable_name =~ "Digilent Arty A7-35T 210319A7660AA"} -index 0
dow Y:/Pau/FPGA_TOF/TOF_4Ports.sdk/TCPServer/Debug/TCPServer.elf
----------------End of Script----------------

15:56:13 INFO  : Context for processor 'microblaze_0' is selected.
15:56:13 INFO  : 'con' command is executed.
15:56:13 INFO  : ----------------XSDB Script (After Launch)----------------
targets -set -nocase -filter {name =~ "microblaze*#0" && bscan=="USER2"  && jtag_cable_name =~ "Digilent Arty A7-35T 210319A7660AA"} -index 0
con
----------------End of Script----------------

15:56:13 INFO  : Disconnected from the channel tcfchan#17.
16:00:18 INFO  : 'targets -set -filter {jtag_cable_name =~ "Digilent Arty A7-35T 210319A7660AA" && level==0} -index 0' command is executed.
16:00:18 INFO  : 'fpga -state' command is executed.
16:00:18 INFO  : Connected to target on host '127.0.0.1' and port '3121'.
16:00:18 INFO  : Jtag cable 'Digilent Arty A7-35T 210319A7660AA' is selected.
16:00:18 INFO  : 'jtag frequency' command is executed.
16:00:18 INFO  : 'configparams mdm-detect-bscan-mask 2' command is executed.
16:00:18 INFO  : Context for processor 'microblaze_0' is selected.
16:00:18 INFO  : Processor reset is completed for 'microblaze_0'.
16:00:18 INFO  : Context for processor 'microblaze_0' is selected.
16:00:19 INFO  : The application 'Y:/Pau/FPGA_TOF/TOF_4Ports.sdk/TCPServer/Debug/TCPServer.elf' is downloaded to processor 'microblaze_0'.
16:00:19 INFO  : ----------------XSDB Script----------------
connect -url tcp:127.0.0.1:3121
configparams mdm-detect-bscan-mask 2
targets -set -nocase -filter {name =~ "microblaze*#0" && bscan=="USER2"  && jtag_cable_name =~ "Digilent Arty A7-35T 210319A7660AA"} -index 0
rst -processor
targets -set -nocase -filter {name =~ "microblaze*#0" && bscan=="USER2"  && jtag_cable_name =~ "Digilent Arty A7-35T 210319A7660AA"} -index 0
dow Y:/Pau/FPGA_TOF/TOF_4Ports.sdk/TCPServer/Debug/TCPServer.elf
----------------End of Script----------------

16:00:19 INFO  : Context for processor 'microblaze_0' is selected.
16:00:19 INFO  : 'con' command is executed.
16:00:19 INFO  : ----------------XSDB Script (After Launch)----------------
targets -set -nocase -filter {name =~ "microblaze*#0" && bscan=="USER2"  && jtag_cable_name =~ "Digilent Arty A7-35T 210319A7660AA"} -index 0
con
----------------End of Script----------------

16:00:19 INFO  : Disconnected from the channel tcfchan#18.
16:01:19 INFO  : 'targets -set -filter {jtag_cable_name =~ "Digilent Arty A7-35T 210319A7660AA" && level==0} -index 0' command is executed.
16:01:19 INFO  : 'fpga -state' command is executed.
16:01:19 INFO  : Connected to target on host '127.0.0.1' and port '3121'.
16:01:19 INFO  : Jtag cable 'Digilent Arty A7-35T 210319A7660AA' is selected.
16:01:19 INFO  : 'jtag frequency' command is executed.
16:01:19 INFO  : 'configparams mdm-detect-bscan-mask 2' command is executed.
16:01:19 INFO  : Context for processor 'microblaze_0' is selected.
16:01:19 INFO  : Processor reset is completed for 'microblaze_0'.
16:01:19 INFO  : Context for processor 'microblaze_0' is selected.
16:01:20 INFO  : The application 'Y:/Pau/FPGA_TOF/TOF_4Ports.sdk/TCPServer/Debug/TCPServer.elf' is downloaded to processor 'microblaze_0'.
16:01:20 INFO  : ----------------XSDB Script----------------
connect -url tcp:127.0.0.1:3121
configparams mdm-detect-bscan-mask 2
targets -set -nocase -filter {name =~ "microblaze*#0" && bscan=="USER2"  && jtag_cable_name =~ "Digilent Arty A7-35T 210319A7660AA"} -index 0
rst -processor
targets -set -nocase -filter {name =~ "microblaze*#0" && bscan=="USER2"  && jtag_cable_name =~ "Digilent Arty A7-35T 210319A7660AA"} -index 0
dow Y:/Pau/FPGA_TOF/TOF_4Ports.sdk/TCPServer/Debug/TCPServer.elf
----------------End of Script----------------

16:01:20 INFO  : Context for processor 'microblaze_0' is selected.
16:01:20 INFO  : 'con' command is executed.
16:01:20 INFO  : ----------------XSDB Script (After Launch)----------------
targets -set -nocase -filter {name =~ "microblaze*#0" && bscan=="USER2"  && jtag_cable_name =~ "Digilent Arty A7-35T 210319A7660AA"} -index 0
con
----------------End of Script----------------

16:01:20 INFO  : Disconnected from the channel tcfchan#19.
16:05:29 INFO  : 'targets -set -filter {jtag_cable_name =~ "Digilent Arty A7-35T 210319A7660AA" && level==0} -index 0' command is executed.
16:05:29 INFO  : 'fpga -state' command is executed.
16:05:29 INFO  : Connected to target on host '127.0.0.1' and port '3121'.
16:05:29 INFO  : Jtag cable 'Digilent Arty A7-35T 210319A7660AA' is selected.
16:05:29 INFO  : 'jtag frequency' command is executed.
16:05:29 INFO  : 'configparams mdm-detect-bscan-mask 2' command is executed.
16:05:29 INFO  : Context for processor 'microblaze_0' is selected.
16:05:30 INFO  : Processor reset is completed for 'microblaze_0'.
16:05:30 INFO  : Context for processor 'microblaze_0' is selected.
16:05:30 INFO  : The application 'Y:/Pau/FPGA_TOF/TOF_4Ports.sdk/TCPServer/Debug/TCPServer.elf' is downloaded to processor 'microblaze_0'.
16:05:30 INFO  : ----------------XSDB Script----------------
connect -url tcp:127.0.0.1:3121
configparams mdm-detect-bscan-mask 2
targets -set -nocase -filter {name =~ "microblaze*#0" && bscan=="USER2"  && jtag_cable_name =~ "Digilent Arty A7-35T 210319A7660AA"} -index 0
rst -processor
targets -set -nocase -filter {name =~ "microblaze*#0" && bscan=="USER2"  && jtag_cable_name =~ "Digilent Arty A7-35T 210319A7660AA"} -index 0
dow Y:/Pau/FPGA_TOF/TOF_4Ports.sdk/TCPServer/Debug/TCPServer.elf
----------------End of Script----------------

16:05:30 INFO  : Context for processor 'microblaze_0' is selected.
16:05:30 INFO  : 'con' command is executed.
16:05:30 INFO  : ----------------XSDB Script (After Launch)----------------
targets -set -nocase -filter {name =~ "microblaze*#0" && bscan=="USER2"  && jtag_cable_name =~ "Digilent Arty A7-35T 210319A7660AA"} -index 0
con
----------------End of Script----------------

16:05:30 INFO  : Disconnected from the channel tcfchan#20.
16:13:09 INFO  : 'targets -set -filter {jtag_cable_name =~ "Digilent Arty A7-35T 210319A7660AA" && level==0} -index 0' command is executed.
16:13:09 INFO  : 'fpga -state' command is executed.
16:13:09 INFO  : Connected to target on host '127.0.0.1' and port '3121'.
16:13:10 INFO  : Jtag cable 'Digilent Arty A7-35T 210319A7660AA' is selected.
16:13:10 INFO  : 'jtag frequency' command is executed.
16:13:10 INFO  : 'configparams mdm-detect-bscan-mask 2' command is executed.
16:13:10 INFO  : Context for processor 'microblaze_0' is selected.
16:13:10 INFO  : Processor reset is completed for 'microblaze_0'.
16:13:10 INFO  : Context for processor 'microblaze_0' is selected.
16:13:10 INFO  : The application 'Y:/Pau/FPGA_TOF/TOF_4Ports.sdk/TCPServer/Debug/TCPServer.elf' is downloaded to processor 'microblaze_0'.
16:13:10 INFO  : ----------------XSDB Script----------------
connect -url tcp:127.0.0.1:3121
configparams mdm-detect-bscan-mask 2
targets -set -nocase -filter {name =~ "microblaze*#0" && bscan=="USER2"  && jtag_cable_name =~ "Digilent Arty A7-35T 210319A7660AA"} -index 0
rst -processor
targets -set -nocase -filter {name =~ "microblaze*#0" && bscan=="USER2"  && jtag_cable_name =~ "Digilent Arty A7-35T 210319A7660AA"} -index 0
dow Y:/Pau/FPGA_TOF/TOF_4Ports.sdk/TCPServer/Debug/TCPServer.elf
----------------End of Script----------------

16:13:10 INFO  : Context for processor 'microblaze_0' is selected.
16:13:10 INFO  : 'con' command is executed.
16:13:10 INFO  : ----------------XSDB Script (After Launch)----------------
targets -set -nocase -filter {name =~ "microblaze*#0" && bscan=="USER2"  && jtag_cable_name =~ "Digilent Arty A7-35T 210319A7660AA"} -index 0
con
----------------End of Script----------------

16:13:10 INFO  : Disconnected from the channel tcfchan#21.
16:15:15 INFO  : 'targets -set -filter {jtag_cable_name =~ "Digilent Arty A7-35T 210319A7660AA" && level==0} -index 0' command is executed.
16:15:15 INFO  : 'fpga -state' command is executed.
16:15:15 INFO  : Connected to target on host '127.0.0.1' and port '3121'.
16:15:15 INFO  : Jtag cable 'Digilent Arty A7-35T 210319A7660AA' is selected.
16:15:15 INFO  : 'jtag frequency' command is executed.
16:15:15 INFO  : 'configparams mdm-detect-bscan-mask 2' command is executed.
16:15:15 INFO  : Context for processor 'microblaze_0' is selected.
16:15:15 INFO  : Processor reset is completed for 'microblaze_0'.
16:15:15 INFO  : Context for processor 'microblaze_0' is selected.
16:15:16 INFO  : The application 'Y:/Pau/FPGA_TOF/TOF_4Ports.sdk/TCPServer/Debug/TCPServer.elf' is downloaded to processor 'microblaze_0'.
16:15:16 INFO  : ----------------XSDB Script----------------
connect -url tcp:127.0.0.1:3121
configparams mdm-detect-bscan-mask 2
targets -set -nocase -filter {name =~ "microblaze*#0" && bscan=="USER2"  && jtag_cable_name =~ "Digilent Arty A7-35T 210319A7660AA"} -index 0
rst -processor
targets -set -nocase -filter {name =~ "microblaze*#0" && bscan=="USER2"  && jtag_cable_name =~ "Digilent Arty A7-35T 210319A7660AA"} -index 0
dow Y:/Pau/FPGA_TOF/TOF_4Ports.sdk/TCPServer/Debug/TCPServer.elf
----------------End of Script----------------

16:15:16 INFO  : Context for processor 'microblaze_0' is selected.
16:15:16 INFO  : 'con' command is executed.
16:15:16 INFO  : ----------------XSDB Script (After Launch)----------------
targets -set -nocase -filter {name =~ "microblaze*#0" && bscan=="USER2"  && jtag_cable_name =~ "Digilent Arty A7-35T 210319A7660AA"} -index 0
con
----------------End of Script----------------

16:15:16 INFO  : Disconnected from the channel tcfchan#22.
16:20:56 WARN  : channel "tcfchan#4" closed
16:22:23 INFO  : Registering command handlers for SDK TCF services
16:22:24 INFO  : Launching XSCT server: xsct.bat -interactive E:\FPGA_projects\TOF_4Ports\temp_xsdb_launch_script.tcl
16:22:28 INFO  : XSCT server has started successfully.
16:22:32 INFO  : Processing command line option -hwspec E:/FPGA_projects/TOF_4Ports.
16:22:36 INFO  : Successfully done setting XSCT server connection channel  
16:22:36 INFO  : Successfully done setting SDK workspace  
16:22:36 ERROR : Error occurred while creating hardware platform TOF_4Ports_hw_platform_0 from sysdef
java.io.FileNotFoundException: E:\FPGA_projects\TOF_4Ports (Access is denied)
	at java.io.FileInputStream.open0(Native Method)
	at java.io.FileInputStream.open(FileInputStream.java:195)
	at java.io.FileInputStream.<init>(FileInputStream.java:138)
	at java.io.FileInputStream.<init>(FileInputStream.java:93)
	at com.xilinx.sdk.hw.internal.HwProjectCreator.createHwProjectFromZip(HwProjectCreator.java:100)
	at com.xilinx.sdk.hw.HwProjectUtil.internalCreate(HwProjectUtil.java:277)
	at com.xilinx.sdk.hw.HwProjectUtil.makeNewHardwareProject(HwProjectUtil.java:221)
	at com.xilinx.sdk.hw.HwProjectUtil.makeNewHardwareProject(HwProjectUtil.java:208)
	at com.xilinx.sdk.hw.HwProjectUtil.makeNewHardwareProject(HwProjectUtil.java:182)
	at com.xilinx.sdk.startup.InitSDK.processHwSpecArgumentTask(InitSDK.java:515)
	at com.xilinx.sdk.startup.InitSDK.access$8(InitSDK.java:497)
	at com.xilinx.sdk.startup.InitSDK$12.run(InitSDK.java:448)
	at org.eclipse.core.internal.jobs.Worker.run(Worker.java:55)
16:22:36 ERROR : Unable to create Hardware Specification Project with specification file: E:/FPGA_projects/TOF_4Ports
16:23:47 INFO  : Connected to target on host '127.0.0.1' and port '3121'.
16:24:09 INFO  : Connected to target on host '127.0.0.1' and port '3121'.
16:24:09 INFO  : 'targets -set -filter {jtag_cable_name =~ "Digilent Arty A7-35T 210319A7660AA" && level==0} -index 0' command is executed.
16:24:09 ERROR : wrong # args: should be "fpga ?options?"
16:26:53 INFO  : Registering command handlers for SDK TCF services
16:26:54 INFO  : Launching XSCT server: xsct.bat -interactive E:\FPGA_projects\TOF_4Ports\temp_xsdb_launch_script.tcl
16:26:56 INFO  : XSCT server has started successfully.
16:26:56 INFO  : Successfully done setting XSCT server connection channel  
16:26:56 INFO  : Processing command line option -hwspec E:/FPGA_projects/TOF_4Ports.
16:26:56 INFO  : Successfully done setting SDK workspace  
16:26:56 ERROR : Error occurred while creating hardware platform TOF_4Ports_hw_platform_1 from sysdef
java.io.FileNotFoundException: E:\FPGA_projects\TOF_4Ports (Access is denied)
	at java.io.FileInputStream.open0(Native Method)
	at java.io.FileInputStream.open(FileInputStream.java:195)
	at java.io.FileInputStream.<init>(FileInputStream.java:138)
	at java.io.FileInputStream.<init>(FileInputStream.java:93)
	at com.xilinx.sdk.hw.internal.HwProjectCreator.createHwProjectFromZip(HwProjectCreator.java:100)
	at com.xilinx.sdk.hw.HwProjectUtil.internalCreate(HwProjectUtil.java:277)
	at com.xilinx.sdk.hw.HwProjectUtil.makeNewHardwareProject(HwProjectUtil.java:221)
	at com.xilinx.sdk.hw.HwProjectUtil.makeNewHardwareProject(HwProjectUtil.java:208)
	at com.xilinx.sdk.hw.HwProjectUtil.makeNewHardwareProject(HwProjectUtil.java:182)
	at com.xilinx.sdk.startup.InitSDK.processHwSpecArgumentTask(InitSDK.java:515)
	at com.xilinx.sdk.startup.InitSDK.access$8(InitSDK.java:497)
	at com.xilinx.sdk.startup.InitSDK$12.run(InitSDK.java:448)
	at org.eclipse.core.internal.jobs.Worker.run(Worker.java:55)
16:26:56 ERROR : Unable to create Hardware Specification Project with specification file: E:/FPGA_projects/TOF_4Ports
16:31:47 INFO  : Registering command handlers for SDK TCF services
16:31:47 INFO  : Launching XSCT server: xsct.bat -interactive E:\FPGA_projects\TOF_4Ports\temp_xsdb_launch_script.tcl
16:31:49 INFO  : XSCT server has started successfully.
16:31:50 INFO  : Successfully done setting XSCT server connection channel  
16:31:50 INFO  : Processing command line option -hwspec E:/FPGA_projects/TOF_4Ports.
16:31:50 INFO  : Successfully done setting SDK workspace  
16:31:50 ERROR : Error occurred while creating hardware platform TOF_4Ports_hw_platform_2 from sysdef
java.io.FileNotFoundException: E:\FPGA_projects\TOF_4Ports (Access is denied)
	at java.io.FileInputStream.open0(Native Method)
	at java.io.FileInputStream.open(FileInputStream.java:195)
	at java.io.FileInputStream.<init>(FileInputStream.java:138)
	at java.io.FileInputStream.<init>(FileInputStream.java:93)
	at com.xilinx.sdk.hw.internal.HwProjectCreator.createHwProjectFromZip(HwProjectCreator.java:100)
	at com.xilinx.sdk.hw.HwProjectUtil.internalCreate(HwProjectUtil.java:277)
	at com.xilinx.sdk.hw.HwProjectUtil.makeNewHardwareProject(HwProjectUtil.java:221)
	at com.xilinx.sdk.hw.HwProjectUtil.makeNewHardwareProject(HwProjectUtil.java:208)
	at com.xilinx.sdk.hw.HwProjectUtil.makeNewHardwareProject(HwProjectUtil.java:182)
	at com.xilinx.sdk.startup.InitSDK.processHwSpecArgumentTask(InitSDK.java:515)
	at com.xilinx.sdk.startup.InitSDK.access$8(InitSDK.java:497)
	at com.xilinx.sdk.startup.InitSDK$12.run(InitSDK.java:448)
	at org.eclipse.core.internal.jobs.Worker.run(Worker.java:55)
16:31:50 ERROR : Unable to create Hardware Specification Project with specification file: E:/FPGA_projects/TOF_4Ports
16:32:43 INFO  : Registering command handlers for SDK TCF services
16:32:44 INFO  : Launching XSCT server: xsct.bat -interactive E:\FPGA_projects\TOF_4Ports\temp_xsdb_launch_script.tcl
16:32:46 INFO  : XSCT server has started successfully.
16:32:46 INFO  : Successfully done setting XSCT server connection channel  
16:32:46 INFO  : Successfully done setting SDK workspace  
16:32:46 INFO  : Processing command line option -hwspec E:/FPGA_projects/TOF_4Ports.
16:32:46 ERROR : Error occurred while creating hardware platform TOF_4Ports_hw_platform_3 from sysdef
java.io.FileNotFoundException: E:\FPGA_projects\TOF_4Ports (Access is denied)
	at java.io.FileInputStream.open0(Native Method)
	at java.io.FileInputStream.open(FileInputStream.java:195)
	at java.io.FileInputStream.<init>(FileInputStream.java:138)
	at java.io.FileInputStream.<init>(FileInputStream.java:93)
	at com.xilinx.sdk.hw.internal.HwProjectCreator.createHwProjectFromZip(HwProjectCreator.java:100)
	at com.xilinx.sdk.hw.HwProjectUtil.internalCreate(HwProjectUtil.java:277)
	at com.xilinx.sdk.hw.HwProjectUtil.makeNewHardwareProject(HwProjectUtil.java:221)
	at com.xilinx.sdk.hw.HwProjectUtil.makeNewHardwareProject(HwProjectUtil.java:208)
	at com.xilinx.sdk.hw.HwProjectUtil.makeNewHardwareProject(HwProjectUtil.java:182)
	at com.xilinx.sdk.startup.InitSDK.processHwSpecArgumentTask(InitSDK.java:515)
	at com.xilinx.sdk.startup.InitSDK.access$8(InitSDK.java:497)
	at com.xilinx.sdk.startup.InitSDK$12.run(InitSDK.java:448)
	at org.eclipse.core.internal.jobs.Worker.run(Worker.java:55)
16:32:46 ERROR : Unable to create Hardware Specification Project with specification file: E:/FPGA_projects/TOF_4Ports
16:34:28 INFO  : Registering command handlers for SDK TCF services
16:34:29 INFO  : Launching XSCT server: xsct.bat -interactive E:\FPGA_projects\TOF_4Ports\temp_xsdb_launch_script.tcl
16:34:31 INFO  : XSCT server has started successfully.
16:34:31 INFO  : Successfully done setting XSCT server connection channel  
16:34:31 INFO  : Successfully done setting SDK workspace  
16:34:31 INFO  : Processing command line option -hwspec E:/FPGA_projects/TOF_4Ports.
16:34:31 ERROR : Error occurred while creating hardware platform TOF_4Ports_hw_platform_4 from sysdef
java.io.FileNotFoundException: E:\FPGA_projects\TOF_4Ports (Access is denied)
	at java.io.FileInputStream.open0(Native Method)
	at java.io.FileInputStream.open(FileInputStream.java:195)
	at java.io.FileInputStream.<init>(FileInputStream.java:138)
	at java.io.FileInputStream.<init>(FileInputStream.java:93)
	at com.xilinx.sdk.hw.internal.HwProjectCreator.createHwProjectFromZip(HwProjectCreator.java:100)
	at com.xilinx.sdk.hw.HwProjectUtil.internalCreate(HwProjectUtil.java:277)
	at com.xilinx.sdk.hw.HwProjectUtil.makeNewHardwareProject(HwProjectUtil.java:221)
	at com.xilinx.sdk.hw.HwProjectUtil.makeNewHardwareProject(HwProjectUtil.java:208)
	at com.xilinx.sdk.hw.HwProjectUtil.makeNewHardwareProject(HwProjectUtil.java:182)
	at com.xilinx.sdk.startup.InitSDK.processHwSpecArgumentTask(InitSDK.java:515)
	at com.xilinx.sdk.startup.InitSDK.access$8(InitSDK.java:497)
	at com.xilinx.sdk.startup.InitSDK$12.run(InitSDK.java:448)
	at org.eclipse.core.internal.jobs.Worker.run(Worker.java:55)
16:34:31 ERROR : Unable to create Hardware Specification Project with specification file: E:/FPGA_projects/TOF_4Ports
16:45:12 INFO  : Registering command handlers for SDK TCF services
16:45:12 INFO  : Launching XSCT server: xsct.bat -interactive E:\FPGA_projects\TOF_4Ports\temp_xsdb_launch_script.tcl
16:45:14 INFO  : XSCT server has started successfully.
16:45:15 INFO  : Successfully done setting XSCT server connection channel  
16:45:15 INFO  : Processing command line option -hwspec E:/FPGA_projects/TOF_4Ports.
16:45:15 INFO  : Successfully done setting SDK workspace  
16:45:15 ERROR : Error occurred while creating hardware platform TOF_4Ports_hw_platform_5 from sysdef
java.io.FileNotFoundException: E:\FPGA_projects\TOF_4Ports (Access is denied)
	at java.io.FileInputStream.open0(Native Method)
	at java.io.FileInputStream.open(FileInputStream.java:195)
	at java.io.FileInputStream.<init>(FileInputStream.java:138)
	at java.io.FileInputStream.<init>(FileInputStream.java:93)
	at com.xilinx.sdk.hw.internal.HwProjectCreator.createHwProjectFromZip(HwProjectCreator.java:100)
	at com.xilinx.sdk.hw.HwProjectUtil.internalCreate(HwProjectUtil.java:277)
	at com.xilinx.sdk.hw.HwProjectUtil.makeNewHardwareProject(HwProjectUtil.java:221)
	at com.xilinx.sdk.hw.HwProjectUtil.makeNewHardwareProject(HwProjectUtil.java:208)
	at com.xilinx.sdk.hw.HwProjectUtil.makeNewHardwareProject(HwProjectUtil.java:182)
	at com.xilinx.sdk.startup.InitSDK.processHwSpecArgumentTask(InitSDK.java:515)
	at com.xilinx.sdk.startup.InitSDK.access$8(InitSDK.java:497)
	at com.xilinx.sdk.startup.InitSDK$12.run(InitSDK.java:448)
	at org.eclipse.core.internal.jobs.Worker.run(Worker.java:55)
16:45:15 ERROR : Unable to create Hardware Specification Project with specification file: E:/FPGA_projects/TOF_4Ports
16:46:21 INFO  : Connected to target on host '127.0.0.1' and port '3121'.
16:46:21 INFO  : 'targets -set -filter {jtag_cable_name =~ "Digilent Arty A7-35T 210319A7660AA" && level==0} -index 0' command is executed.
16:46:21 ERROR : wrong # args: should be "fpga ?options?"
16:46:34 INFO  : Connected to target on host '127.0.0.1' and port '3121'.
16:46:44 INFO  : Connected to target on host '127.0.0.1' and port '3121'.
16:46:44 INFO  : 'targets -set -filter {jtag_cable_name =~ "Digilent Arty A7-35T 210319A7660AA" && level==0} -index 0' command is executed.
16:46:44 ERROR : wrong # args: should be "fpga ?options?"
16:50:45 INFO  : Registering command handlers for SDK TCF services
16:50:46 INFO  : Launching XSCT server: xsct.bat -interactive E:\FPGA_projects\TOF_4Ports\temp_xsdb_launch_script.tcl
16:50:48 INFO  : XSCT server has started successfully.
16:50:48 INFO  : Successfully done setting XSCT server connection channel  
16:50:48 INFO  : Processing command line option -hwspec E:/FPGA_projects/TOF_4Ports.
16:50:48 INFO  : Successfully done setting SDK workspace  
16:50:48 ERROR : Error occurred while creating hardware platform TOF_4Ports_hw_platform_0 from sysdef
java.io.FileNotFoundException: E:\FPGA_projects\TOF_4Ports (Access is denied)
	at java.io.FileInputStream.open0(Native Method)
	at java.io.FileInputStream.open(FileInputStream.java:195)
	at java.io.FileInputStream.<init>(FileInputStream.java:138)
	at java.io.FileInputStream.<init>(FileInputStream.java:93)
	at com.xilinx.sdk.hw.internal.HwProjectCreator.createHwProjectFromZip(HwProjectCreator.java:100)
	at com.xilinx.sdk.hw.HwProjectUtil.internalCreate(HwProjectUtil.java:277)
	at com.xilinx.sdk.hw.HwProjectUtil.makeNewHardwareProject(HwProjectUtil.java:221)
	at com.xilinx.sdk.hw.HwProjectUtil.makeNewHardwareProject(HwProjectUtil.java:208)
	at com.xilinx.sdk.hw.HwProjectUtil.makeNewHardwareProject(HwProjectUtil.java:182)
	at com.xilinx.sdk.startup.InitSDK.processHwSpecArgumentTask(InitSDK.java:515)
	at com.xilinx.sdk.startup.InitSDK.access$8(InitSDK.java:497)
	at com.xilinx.sdk.startup.InitSDK$12.run(InitSDK.java:448)
	at org.eclipse.core.internal.jobs.Worker.run(Worker.java:55)
16:50:48 ERROR : Unable to create Hardware Specification Project with specification file: E:/FPGA_projects/TOF_4Ports
16:50:56 INFO  : Connected to target on host '127.0.0.1' and port '3121'.
16:50:56 INFO  : 'targets -set -filter {jtag_cable_name =~ "Digilent Arty A7-35T 210319A7660AA" && level==0} -index 0' command is executed.
16:50:56 ERROR : wrong # args: should be "fpga ?options?"
16:51:27 INFO  : Connected to target on host '127.0.0.1' and port '3121'.
16:51:27 INFO  : 'targets -set -filter {jtag_cable_name =~ "Digilent Arty A7-35T 210319A7660AA" && level==0} -index 0' command is executed.
16:51:27 ERROR : wrong # args: should be "fpga ?options?"
16:52:34 INFO  : Connected to target on host '127.0.0.1' and port '3121'.
16:52:34 INFO  : 'targets -set -filter {jtag_cable_name =~ "Digilent Arty A7-35T 210319A7660AA" && level==0} -index 0' command is executed.
16:52:34 ERROR : wrong # args: should be "fpga ?options?"
16:54:07 INFO  : Connected to target on host '127.0.0.1' and port '3121'.
16:54:07 INFO  : 'targets -set -filter {jtag_cable_name =~ "Digilent Arty A7-35T 210319A7660AA" && level==0} -index 0' command is executed.
16:54:07 ERROR : wrong # args: should be "fpga ?options?"
16:55:36 INFO  : Connected to target on host '127.0.0.1' and port '3121'.
16:56:48 WARN  : Couldn't find target with name: Linux Agent
16:57:35 INFO  : Registering command handlers for SDK TCF services
16:57:35 INFO  : Launching XSCT server: xsct.bat -interactive E:\FPGA_projects\TOF_4Ports\temp_xsdb_launch_script.tcl
16:57:37 INFO  : XSCT server has started successfully.
16:57:38 INFO  : Successfully done setting XSCT server connection channel  
16:57:38 INFO  : Processing command line option -hwspec E:/FPGA_projects/TOF_4Ports.
16:57:38 INFO  : Successfully done setting SDK workspace  
16:57:38 ERROR : Error occurred while creating hardware platform TOF_4Ports_hw_platform_1 from sysdef
java.io.FileNotFoundException: E:\FPGA_projects\TOF_4Ports (Access is denied)
	at java.io.FileInputStream.open0(Native Method)
	at java.io.FileInputStream.open(FileInputStream.java:195)
	at java.io.FileInputStream.<init>(FileInputStream.java:138)
	at java.io.FileInputStream.<init>(FileInputStream.java:93)
	at com.xilinx.sdk.hw.internal.HwProjectCreator.createHwProjectFromZip(HwProjectCreator.java:100)
	at com.xilinx.sdk.hw.HwProjectUtil.internalCreate(HwProjectUtil.java:277)
	at com.xilinx.sdk.hw.HwProjectUtil.makeNewHardwareProject(HwProjectUtil.java:221)
	at com.xilinx.sdk.hw.HwProjectUtil.makeNewHardwareProject(HwProjectUtil.java:208)
	at com.xilinx.sdk.hw.HwProjectUtil.makeNewHardwareProject(HwProjectUtil.java:182)
	at com.xilinx.sdk.startup.InitSDK.processHwSpecArgumentTask(InitSDK.java:515)
	at com.xilinx.sdk.startup.InitSDK.access$8(InitSDK.java:497)
	at com.xilinx.sdk.startup.InitSDK$12.run(InitSDK.java:448)
	at org.eclipse.core.internal.jobs.Worker.run(Worker.java:55)
16:57:38 ERROR : Unable to create Hardware Specification Project with specification file: E:/FPGA_projects/TOF_4Ports
16:57:52 INFO  : Connected to target on host '127.0.0.1' and port '3121'.
16:57:52 INFO  : 'targets -set -filter {jtag_cable_name =~ "Digilent Arty A7-35T 210319A7660AA" && level==0} -index 0' command is executed.
16:57:52 ERROR : wrong # args: should be "fpga ?options?"
16:58:40 INFO  : Connected to target on host '127.0.0.1' and port '3121'.
16:58:40 INFO  : 'targets -set -filter {jtag_cable_name =~ "Digilent Arty A7-35T 210319A7660AA" && level==0} -index 0' command is executed.
16:58:41 INFO  : FPGA configured successfully with bitstream "E:/FPGA_projects/TOF_4Ports/TOF_4Ports.runs/impl_1/design_1_wrapper.bit"
