#-----------------------------------------------------------
# Webtalk v2018.3 (64-bit)
# SW Build 2405991 on Thu Dec  6 23:38:27 MST 2018
# 
# Start of session at: Fri Jan 25 14:52:48 2019
# Process ID: 12776
# Current directory: E:/FPGA_projects/TOF_4Ports/TOF_4Ports.sdk/webtalk
# Command line: wbtcv.exe -mode batch -source sdk_webtalk.tcl
# Log file: E:/FPGA_projects/TOF_4Ports/TOF_4Ports.sdk/webtalk/webtalk.log
# Journal file: E:/FPGA_projects/TOF_4Ports/TOF_4Ports.sdk/webtalk\webtalk.jou
#-----------------------------------------------------------
source sdk_webtalk.tcl
# webtalk_init -webtalk_dir E:\\FPGA_projects\\TOF_4Ports\\TOF_4Ports.sdk\\webtalk
# webtalk_register_client -client project
# webtalk_add_data -client project -key date_generated -value "2019-01-25 14:52:45" -context "software_version_and_target_device"
# webtalk_add_data -client project -key product_version -value "SDK v2018.3" -context "software_version_and_target_device"
# webtalk_add_data -client project -key build_version -value "2018.3" -context "software_version_and_target_device"
# webtalk_add_data -client project -key os_platform -value "amd64" -context "software_version_and_target_device"
# webtalk_add_data -client project -key registration_id -value "211255786_1777541275_210697160_067" -context "software_version_and_target_device"
# webtalk_add_data -client project -key tool_flow -value "SDK" -context "software_version_and_target_device"
# webtalk_add_data -client project -key beta -value "false" -context "software_version_and_target_device"
# webtalk_add_data -client project -key route_design -value "NA" -context "software_version_and_target_device"
# webtalk_add_data -client project -key target_family -value "NA" -context "software_version_and_target_device"
# webtalk_add_data -client project -key target_device -value "NA" -context "software_version_and_target_device"
# webtalk_add_data -client project -key target_package -value "NA" -context "software_version_and_target_device"
# webtalk_add_data -client project -key target_speed -value "NA" -context "software_version_and_target_device"
# webtalk_add_data -client project -key random_id -value "btsuc6lejdcajl9fs60jk7brtd" -context "software_version_and_target_device"
# webtalk_add_data -client project -key project_id -value "2018.3_10" -context "software_version_and_target_device"
# webtalk_add_data -client project -key project_iteration -value "10" -context "software_version_and_target_device"
# webtalk_add_data -client project -key os_name -value "Microsoft Windows 8 or later , 64-bit" -context "user_environment"
# webtalk_add_data -client project -key os_release -value "major release  (build 9200)" -context "user_environment"
# webtalk_add_data -client project -key cpu_name -value "Intel(R) Core(TM) i5-7500 CPU @ 3.40GHz" -context "user_environment"
# webtalk_add_data -client project -key cpu_speed -value "3408 MHz" -context "user_environment"
# webtalk_add_data -client project -key total_processors -value "1" -context "user_environment"
# webtalk_add_data -client project -key system_ram -value "8.300 GB" -context "user_environment"
# webtalk_register_client -client sdk
# webtalk_add_data -client sdk -key uid -value "1547655712617" -context "sdk\\\\bsp/1547655712617"
# webtalk_add_data -client sdk -key hwid -value "1547478707802" -context "sdk\\\\bsp/1547655712617"
# webtalk_add_data -client sdk -key os -value "standalone" -context "sdk\\\\bsp/1547655712617"
# webtalk_add_data -client sdk -key apptemplate -value "hello_world" -context "sdk\\\\bsp/1547655712617"
# webtalk_add_data -client sdk -key RecordType -value "BSPCreation" -context "sdk\\\\bsp/1547655712617"
# webtalk_add_data -client sdk -key uid -value "1547655714231" -context "sdk\\\\application/1547655714231"
# webtalk_add_data -client sdk -key hwid -value "1547478707802" -context "sdk\\\\application/1547655714231"
# webtalk_add_data -client sdk -key bspid -value "1547655712617" -context "sdk\\\\application/1547655714231"
# webtalk_add_data -client sdk -key newbsp -value "true" -context "sdk\\\\application/1547655714231"
# webtalk_add_data -client sdk -key os -value "standalone" -context "sdk\\\\application/1547655714231"
# webtalk_add_data -client sdk -key apptemplate -value "hello_world" -context "sdk\\\\application/1547655714231"
# webtalk_add_data -client sdk -key RecordType -value "APPCreation" -context "sdk\\\\application/1547655714231"
# webtalk_add_data -client sdk -key LangUsed -value "C" -context "sdk\\\\application/1547655714231"
# webtalk_add_data -client sdk -key Procused -value "microblaze" -context "sdk\\\\application/1547655714231"
# webtalk_add_data -client sdk -key uid -value "1547655821589" -context "sdk\\\\bsp/1547655821589"
# webtalk_add_data -client sdk -key hwid -value "1547478707802" -context "sdk\\\\bsp/1547655821589"
# webtalk_add_data -client sdk -key os -value "standalone" -context "sdk\\\\bsp/1547655821589"
# webtalk_add_data -client sdk -key apptemplate -value "lwip_echo_server" -context "sdk\\\\bsp/1547655821589"
# webtalk_add_data -client sdk -key RecordType -value "BSPCreation" -context "sdk\\\\bsp/1547655821589"
# webtalk_add_data -client sdk -key uid -value "1547655823474" -context "sdk\\\\application/1547655823474"
# webtalk_add_data -client sdk -key hwid -value "1547478707802" -context "sdk\\\\application/1547655823474"
# webtalk_add_data -client sdk -key bspid -value "1547655821589" -context "sdk\\\\application/1547655823474"
# webtalk_add_data -client sdk -key newbsp -value "true" -context "sdk\\\\application/1547655823474"
# webtalk_add_data -client sdk -key os -value "standalone" -context "sdk\\\\application/1547655823474"
# webtalk_add_data -client sdk -key apptemplate -value "lwip_echo_server" -context "sdk\\\\application/1547655823474"
# webtalk_add_data -client sdk -key RecordType -value "APPCreation" -context "sdk\\\\application/1547655823474"
# webtalk_add_data -client sdk -key LangUsed -value "C" -context "sdk\\\\application/1547655823474"
# webtalk_add_data -client sdk -key Procused -value "microblaze" -context "sdk\\\\application/1547655823474"
# webtalk_add_data -client sdk -key projSize -value "306.48828125" -context "sdk\\\\application/1547655823474"
# webtalk_add_data -client sdk -key uid -value "1548082229452" -context "sdk\\\\bsp/1548082229452"
# webtalk_add_data -client sdk -key hwid -value "1547478707802" -context "sdk\\\\bsp/1548082229452"
# webtalk_add_data -client sdk -key os -value "standalone" -context "sdk\\\\bsp/1548082229452"
# webtalk_add_data -client sdk -key apptemplate -value "lwip_echo_server" -context "sdk\\\\bsp/1548082229452"
# webtalk_add_data -client sdk -key RecordType -value "BSPCreation" -context "sdk\\\\bsp/1548082229452"
# webtalk_add_data -client sdk -key uid -value "1548082242453" -context "sdk\\\\application/1548082242453"
# webtalk_add_data -client sdk -key hwid -value "1547478707802" -context "sdk\\\\application/1548082242453"
# webtalk_add_data -client sdk -key bspid -value "1548082229452" -context "sdk\\\\application/1548082242453"
# webtalk_add_data -client sdk -key newbsp -value "true" -context "sdk\\\\application/1548082242453"
# webtalk_add_data -client sdk -key os -value "standalone" -context "sdk\\\\application/1548082242453"
# webtalk_add_data -client sdk -key apptemplate -value "lwip_echo_server" -context "sdk\\\\application/1548082242453"
# webtalk_add_data -client sdk -key RecordType -value "APPCreation" -context "sdk\\\\application/1548082242453"
# webtalk_add_data -client sdk -key LangUsed -value "C" -context "sdk\\\\application/1548082242453"
# webtalk_add_data -client sdk -key Procused -value "microblaze" -context "sdk\\\\application/1548082242453"
# webtalk_add_data -client sdk -key uid -value "1548415048496" -context "sdk\\\\bsp/1548415048496"
# webtalk_add_data -client sdk -key hwid -value "1547478707802" -context "sdk\\\\bsp/1548415048496"
# webtalk_add_data -client sdk -key os -value "standalone" -context "sdk\\\\bsp/1548415048496"
# webtalk_add_data -client sdk -key apptemplate -value "srec_spi_bootloader" -context "sdk\\\\bsp/1548415048496"
# webtalk_add_data -client sdk -key RecordType -value "BSPCreation" -context "sdk\\\\bsp/1548415048496"
# webtalk_add_data -client sdk -key uid -value "1548415053941" -context "sdk\\\\application/1548415053941"
# webtalk_add_data -client sdk -key hwid -value "1547478707802" -context "sdk\\\\application/1548415053941"
# webtalk_add_data -client sdk -key bspid -value "1548415048496" -context "sdk\\\\application/1548415053941"
# webtalk_add_data -client sdk -key newbsp -value "true" -context "sdk\\\\application/1548415053941"
# webtalk_add_data -client sdk -key os -value "standalone" -context "sdk\\\\application/1548415053941"
# webtalk_add_data -client sdk -key apptemplate -value "srec_spi_bootloader" -context "sdk\\\\application/1548415053941"
# webtalk_add_data -client sdk -key RecordType -value "APPCreation" -context "sdk\\\\application/1548415053941"
# webtalk_add_data -client sdk -key LangUsed -value "C" -context "sdk\\\\application/1548415053941"
# webtalk_add_data -client sdk -key Procused -value "microblaze" -context "sdk\\\\application/1548415053941"
# webtalk_add_data -client sdk -key uid -value "NA" -context "sdk\\\\bsp/1548424365017"
# webtalk_add_data -client sdk -key RecordType -value "ToolUsage" -context "sdk\\\\bsp/1548424365017"
# webtalk_add_data -client sdk -key BootgenCount -value "0" -context "sdk\\\\bsp/1548424365017"
# webtalk_add_data -client sdk -key DebugCount -value "8" -context "sdk\\\\bsp/1548424365017"
# webtalk_add_data -client sdk -key PerfCount -value "0" -context "sdk\\\\bsp/1548424365017"
# webtalk_add_data -client sdk -key FlashCount -value "7" -context "sdk\\\\bsp/1548424365017"
# webtalk_add_data -client sdk -key CrossTriggCount -value "0" -context "sdk\\\\bsp/1548424365017"
# webtalk_add_data -client sdk -key QemuDebugCount -value "0" -context "sdk\\\\bsp/1548424365017"
# webtalk_transmit -clientid 3395809986 -regid "211255786_1777541275_210697160_067" -xml E:\\FPGA_projects\\TOF_4Ports\\TOF_4Ports.sdk\\webtalk\\usage_statistics_ext_sdk.xml -html E:\\FPGA_projects\\TOF_4Ports\\TOF_4Ports.sdk\\webtalk\\usage_statistics_ext_sdk.html -wdm E:\\FPGA_projects\\TOF_4Ports\\TOF_4Ports.sdk\\webtalk\\sdk_webtalk.wdm -intro "<H3>SDK Usage Report</H3><BR>"
# webtalk_terminate
INFO: [Common 17-206] Exiting Webtalk at Fri Jan 25 14:53:23 2019...
