#-----------------------------------------------------------
# Webtalk v2018.3 (64-bit)
# SW Build 2405991 on Thu Dec  6 23:38:27 MST 2018
# 
# Start of session at: Fri Mar  8 17:09:50 2019
# Process ID: 9920
# Current directory: E:/TOF_4Ports190308/TOF_4Ports.sdk/webtalk
# Command line: wbtcv.exe -mode batch -source sdk_webtalk.tcl
# Log file: E:/TOF_4Ports190308/TOF_4Ports.sdk/webtalk/webtalk.log
# Journal file: E:/TOF_4Ports190308/TOF_4Ports.sdk/webtalk\webtalk.jou
#-----------------------------------------------------------
source sdk_webtalk.tcl
# webtalk_init -webtalk_dir E:\\TOF_4Ports190308\\TOF_4Ports.sdk\\webtalk
# webtalk_register_client -client project
# webtalk_add_data -client project -key date_generated -value "2019-03-08 17:09:48" -context "software_version_and_target_device"
# webtalk_add_data -client project -key product_version -value "SDK v2018.3" -context "software_version_and_target_device"
# webtalk_add_data -client project -key build_version -value "2018.3" -context "software_version_and_target_device"
# webtalk_add_data -client project -key os_platform -value "amd64" -context "software_version_and_target_device"
# webtalk_add_data -client project -key registration_id -value "211255786_1777541275_210697160_067" -context "software_version_and_target_device"
# webtalk_add_data -client project -key tool_flow -value "SDK" -context "software_version_and_target_device"
# webtalk_add_data -client project -key beta -value "false" -context "software_version_and_target_device"
# webtalk_add_data -client project -key route_design -value "NA" -context "software_version_and_target_device"
# webtalk_add_data -client project -key target_family -value "NA" -context "software_version_and_target_device"
# webtalk_add_data -client project -key target_device -value "NA" -context "software_version_and_target_device"
# webtalk_add_data -client project -key target_package -value "NA" -context "software_version_and_target_device"
# webtalk_add_data -client project -key target_speed -value "NA" -context "software_version_and_target_device"
# webtalk_add_data -client project -key random_id -value "88vng78vgm6cro4cka07as4j2h" -context "software_version_and_target_device"
# webtalk_add_data -client project -key project_id -value "2018.3_11" -context "software_version_and_target_device"
# webtalk_add_data -client project -key project_iteration -value "11" -context "software_version_and_target_device"
# webtalk_add_data -client project -key os_name -value "Microsoft Windows 8 or later , 64-bit" -context "user_environment"
# webtalk_add_data -client project -key os_release -value "major release  (build 9200)" -context "user_environment"
# webtalk_add_data -client project -key cpu_name -value "Intel(R) Core(TM) i5-7500 CPU @ 3.40GHz" -context "user_environment"
# webtalk_add_data -client project -key cpu_speed -value "3408 MHz" -context "user_environment"
# webtalk_add_data -client project -key total_processors -value "1" -context "user_environment"
# webtalk_add_data -client project -key system_ram -value "8.300 GB" -context "user_environment"
# webtalk_register_client -client sdk
# webtalk_add_data -client sdk -key uid -value "1552061148245" -context "sdk\\\\hardware/1552061148245"
# webtalk_add_data -client sdk -key isZynq -value "false" -context "sdk\\\\hardware/1552061148245"
# webtalk_add_data -client sdk -key isZynqMP -value "false" -context "sdk\\\\hardware/1552061148245"
# webtalk_add_data -client sdk -key Processors -value "1" -context "sdk\\\\hardware/1552061148245"
# webtalk_add_data -client sdk -key VivadoVersion -value "2018.3" -context "sdk\\\\hardware/1552061148245"
# webtalk_add_data -client sdk -key Arch -value "artix7" -context "sdk\\\\hardware/1552061148245"
# webtalk_add_data -client sdk -key Device -value "7a35ti" -context "sdk\\\\hardware/1552061148245"
# webtalk_add_data -client sdk -key IsHandoff -value "true" -context "sdk\\\\hardware/1552061148245"
# webtalk_add_data -client sdk -key os -value "NA" -context "sdk\\\\hardware/1552061148245"
# webtalk_add_data -client sdk -key apptemplate -value "NA" -context "sdk\\\\hardware/1552061148245"
# webtalk_add_data -client sdk -key RecordType -value "HWCreation" -context "sdk\\\\hardware/1552061148245"
# webtalk_add_data -client sdk -key uid -value "NA" -context "sdk\\\\bsp/1552061388747"
# webtalk_add_data -client sdk -key RecordType -value "ToolUsage" -context "sdk\\\\bsp/1552061388747"
# webtalk_add_data -client sdk -key BootgenCount -value "0" -context "sdk\\\\bsp/1552061388747"
# webtalk_add_data -client sdk -key DebugCount -value "0" -context "sdk\\\\bsp/1552061388747"
# webtalk_add_data -client sdk -key PerfCount -value "0" -context "sdk\\\\bsp/1552061388747"
# webtalk_add_data -client sdk -key FlashCount -value "0" -context "sdk\\\\bsp/1552061388747"
# webtalk_add_data -client sdk -key CrossTriggCount -value "0" -context "sdk\\\\bsp/1552061388747"
# webtalk_add_data -client sdk -key QemuDebugCount -value "0" -context "sdk\\\\bsp/1552061388747"
# webtalk_transmit -clientid 3825439951 -regid "211255786_1777541275_210697160_067" -xml E:\\TOF_4Ports190308\\TOF_4Ports.sdk\\webtalk\\usage_statistics_ext_sdk.xml -html E:\\TOF_4Ports190308\\TOF_4Ports.sdk\\webtalk\\usage_statistics_ext_sdk.html -wdm E:\\TOF_4Ports190308\\TOF_4Ports.sdk\\webtalk\\sdk_webtalk.wdm -intro "<H3>SDK Usage Report</H3><BR>"
# webtalk_terminate
INFO: [Common 17-206] Exiting Webtalk at Fri Mar  8 17:09:51 2019...
